{"/Users/jen/Websites/Rithm/express-jobly/app.js": {"path":"/Users/jen/Websites/Rithm/express-jobly/app.js","statementMap":{"0":{"start":{"line":5,"column":16},"end":{"line":5,"column":34}},"1":{"start":{"line":6,"column":13},"end":{"line":6,"column":28}},"2":{"start":{"line":8,"column":26},"end":{"line":8,"column":51}},"3":{"start":{"line":10,"column":28},"end":{"line":10,"column":56}},"4":{"start":{"line":11,"column":19},"end":{"line":11,"column":43}},"5":{"start":{"line":12,"column":24},"end":{"line":12,"column":53}},"6":{"start":{"line":13,"column":20},"end":{"line":13,"column":45}},"7":{"start":{"line":14,"column":19},"end":{"line":14,"column":43}},"8":{"start":{"line":16,"column":15},"end":{"line":16,"column":32}},"9":{"start":{"line":18,"column":12},"end":{"line":18,"column":21}},"10":{"start":{"line":20,"column":0},"end":{"line":20,"column":16}},"11":{"start":{"line":21,"column":0},"end":{"line":21,"column":24}},"12":{"start":{"line":22,"column":0},"end":{"line":22,"column":24}},"13":{"start":{"line":23,"column":0},"end":{"line":23,"column":25}},"14":{"start":{"line":25,"column":0},"end":{"line":25,"column":29}},"15":{"start":{"line":26,"column":0},"end":{"line":26,"column":39}},"16":{"start":{"line":27,"column":0},"end":{"line":27,"column":31}},"17":{"start":{"line":28,"column":0},"end":{"line":28,"column":29}},"18":{"start":{"line":32,"column":0},"end":{"line":34,"column":3}},"19":{"start":{"line":33,"column":2},"end":{"line":33,"column":28}},"20":{"start":{"line":37,"column":0},"end":{"line":45,"column":3}},"21":{"start":{"line":38,"column":2},"end":{"line":38,"column":64}},"22":{"start":{"line":38,"column":39},"end":{"line":38,"column":64}},"23":{"start":{"line":39,"column":17},"end":{"line":39,"column":34}},"24":{"start":{"line":40,"column":18},"end":{"line":40,"column":29}},"25":{"start":{"line":42,"column":2},"end":{"line":44,"column":5}},"26":{"start":{"line":47,"column":0},"end":{"line":47,"column":21}}},"fnMap":{"0":{"name":"(anonymous_0)","decl":{"start":{"line":32,"column":8},"end":{"line":32,"column":9}},"loc":{"start":{"line":32,"column":34},"end":{"line":34,"column":1}},"line":32},"1":{"name":"(anonymous_1)","decl":{"start":{"line":37,"column":8},"end":{"line":37,"column":9}},"loc":{"start":{"line":37,"column":39},"end":{"line":45,"column":1}},"line":37}},"branchMap":{"0":{"loc":{"start":{"line":38,"column":2},"end":{"line":38,"column":64}},"type":"if","locations":[{"start":{"line":38,"column":2},"end":{"line":38,"column":64}},{"start":{},"end":{}}],"line":38},"1":{"loc":{"start":{"line":39,"column":17},"end":{"line":39,"column":34}},"type":"binary-expr","locations":[{"start":{"line":39,"column":17},"end":{"line":39,"column":27}},{"start":{"line":39,"column":31},"end":{"line":39,"column":34}}],"line":39}},"s":{"0":5,"1":5,"2":5,"3":5,"4":5,"5":5,"6":5,"7":5,"8":5,"9":5,"10":5,"11":5,"12":5,"13":5,"14":5,"15":5,"16":5,"17":5,"18":5,"19":2,"20":5,"21":53,"22":1,"23":53,"24":53,"25":53,"26":5},"f":{"0":2,"1":53},"b":{"0":[1,52],"1":[53,3]},"_coverageSchema":"1a1c01bbd47fc00a2c39e90264f33305004495a9","hash":"25a5f06a7e3e3d08458cf92cb383decbeaf9e3ad"}
,"/Users/jen/Websites/Rithm/express-jobly/config.js": {"path":"/Users/jen/Websites/Rithm/express-jobly/config.js","statementMap":{"0":{"start":{"line":5,"column":0},"end":{"line":5,"column":27}},"1":{"start":{"line":6,"column":0},"end":{"line":6,"column":18}},"2":{"start":{"line":8,"column":19},"end":{"line":8,"column":57}},"3":{"start":{"line":10,"column":13},"end":{"line":10,"column":38}},"4":{"start":{"line":14,"column":2},"end":{"line":16,"column":44}},"5":{"start":{"line":22,"column":27},"end":{"line":22,"column":67}},"6":{"start":{"line":24,"column":0},"end":{"line":24,"column":35}},"7":{"start":{"line":25,"column":0},"end":{"line":25,"column":46}},"8":{"start":{"line":26,"column":0},"end":{"line":26,"column":45}},"9":{"start":{"line":27,"column":0},"end":{"line":27,"column":61}},"10":{"start":{"line":28,"column":0},"end":{"line":28,"column":50}},"11":{"start":{"line":29,"column":0},"end":{"line":29,"column":19}},"12":{"start":{"line":31,"column":0},"end":{"line":36,"column":2}}},"fnMap":{"0":{"name":"getDatabaseUri","decl":{"start":{"line":13,"column":9},"end":{"line":13,"column":23}},"loc":{"start":{"line":13,"column":26},"end":{"line":17,"column":1}},"line":13}},"branchMap":{"0":{"loc":{"start":{"line":8,"column":19},"end":{"line":8,"column":57}},"type":"binary-expr","locations":[{"start":{"line":8,"column":19},"end":{"line":8,"column":41}},{"start":{"line":8,"column":45},"end":{"line":8,"column":57}}],"line":8},"1":{"loc":{"start":{"line":10,"column":13},"end":{"line":10,"column":38}},"type":"binary-expr","locations":[{"start":{"line":10,"column":13},"end":{"line":10,"column":30}},{"start":{"line":10,"column":34},"end":{"line":10,"column":38}}],"line":10},"2":{"loc":{"start":{"line":14,"column":9},"end":{"line":16,"column":43}},"type":"cond-expr","locations":[{"start":{"line":15,"column":8},"end":{"line":15,"column":20}},{"start":{"line":16,"column":8},"end":{"line":16,"column":43}}],"line":14},"3":{"loc":{"start":{"line":16,"column":8},"end":{"line":16,"column":43}},"type":"binary-expr","locations":[{"start":{"line":16,"column":8},"end":{"line":16,"column":32}},{"start":{"line":16,"column":36},"end":{"line":16,"column":43}}],"line":16},"4":{"loc":{"start":{"line":22,"column":27},"end":{"line":22,"column":67}},"type":"cond-expr","locations":[{"start":{"line":22,"column":61},"end":{"line":22,"column":62}},{"start":{"line":22,"column":65},"end":{"line":22,"column":67}}],"line":22}},"s":{"0":11,"1":11,"2":11,"3":11,"4":22,"5":11,"6":11,"7":11,"8":11,"9":11,"10":11,"11":11,"12":11},"f":{"0":22},"b":{"0":[11,10],"1":[11,10],"2":[19,3],"3":[3,1],"4":[10,1]},"_coverageSchema":"1a1c01bbd47fc00a2c39e90264f33305004495a9","hash":"d79f8461bfea5dfe54044f137e63c7d131b122b8"}
,"/Users/jen/Websites/Rithm/express-jobly/db.js": {"path":"/Users/jen/Websites/Rithm/express-jobly/db.js","statementMap":{"0":{"start":{"line":5,"column":19},"end":{"line":5,"column":32}},"1":{"start":{"line":6,"column":27},"end":{"line":6,"column":46}},"2":{"start":{"line":8,"column":11},"end":{"line":10,"column":2}},"3":{"start":{"line":12,"column":0},"end":{"line":12,"column":13}},"4":{"start":{"line":14,"column":0},"end":{"line":14,"column":20}}},"fnMap":{},"branchMap":{},"s":{"0":8,"1":8,"2":8,"3":8,"4":8},"f":{},"b":{},"_coverageSchema":"1a1c01bbd47fc00a2c39e90264f33305004495a9","hash":"524d3dc1a6e353d8d9acf7ba311ae7c08ab97b1e"}
,"/Users/jen/Websites/Rithm/express-jobly/expressError.js": {"path":"/Users/jen/Websites/Rithm/express-jobly/expressError.js","statementMap":{"0":{"start":{"line":9,"column":4},"end":{"line":9,"column":12}},"1":{"start":{"line":10,"column":4},"end":{"line":10,"column":27}},"2":{"start":{"line":11,"column":4},"end":{"line":11,"column":25}},"3":{"start":{"line":19,"column":4},"end":{"line":19,"column":24}},"4":{"start":{"line":27,"column":4},"end":{"line":27,"column":24}},"5":{"start":{"line":35,"column":4},"end":{"line":35,"column":24}},"6":{"start":{"line":43,"column":4},"end":{"line":43,"column":24}},"7":{"start":{"line":47,"column":0},"end":{"line":53,"column":2}}},"fnMap":{"0":{"name":"(anonymous_0)","decl":{"start":{"line":8,"column":2},"end":{"line":8,"column":3}},"loc":{"start":{"line":8,"column":31},"end":{"line":12,"column":3}},"line":8},"1":{"name":"(anonymous_1)","decl":{"start":{"line":18,"column":2},"end":{"line":18,"column":3}},"loc":{"start":{"line":18,"column":37},"end":{"line":20,"column":3}},"line":18},"2":{"name":"(anonymous_2)","decl":{"start":{"line":26,"column":2},"end":{"line":26,"column":3}},"loc":{"start":{"line":26,"column":40},"end":{"line":28,"column":3}},"line":26},"3":{"name":"(anonymous_3)","decl":{"start":{"line":34,"column":2},"end":{"line":34,"column":3}},"loc":{"start":{"line":34,"column":39},"end":{"line":36,"column":3}},"line":34},"4":{"name":"(anonymous_4)","decl":{"start":{"line":42,"column":2},"end":{"line":42,"column":3}},"loc":{"start":{"line":42,"column":39},"end":{"line":44,"column":3}},"line":42}},"branchMap":{"0":{"loc":{"start":{"line":18,"column":14},"end":{"line":18,"column":35}},"type":"default-arg","locations":[{"start":{"line":18,"column":24},"end":{"line":18,"column":35}}],"line":18},"1":{"loc":{"start":{"line":26,"column":14},"end":{"line":26,"column":38}},"type":"default-arg","locations":[{"start":{"line":26,"column":24},"end":{"line":26,"column":38}}],"line":26},"2":{"loc":{"start":{"line":34,"column":14},"end":{"line":34,"column":37}},"type":"default-arg","locations":[{"start":{"line":34,"column":24},"end":{"line":34,"column":37}}],"line":34},"3":{"loc":{"start":{"line":42,"column":14},"end":{"line":42,"column":37}},"type":"default-arg","locations":[{"start":{"line":42,"column":24},"end":{"line":42,"column":37}}],"line":42}},"s":{"0":74,"1":74,"2":74,"3":20,"4":29,"5":25,"6":0,"7":10},"f":{"0":74,"1":20,"2":29,"3":25,"4":0},"b":{"0":[2],"1":[25],"2":[0],"3":[0]},"_coverageSchema":"1a1c01bbd47fc00a2c39e90264f33305004495a9","hash":"ebe6afef0877675d8bd33d97efbb2295b541e6d6"}
,"/Users/jen/Websites/Rithm/express-jobly/helpers/sql.js": {"path":"/Users/jen/Websites/Rithm/express-jobly/helpers/sql.js","statementMap":{"0":{"start":{"line":1,"column":28},"end":{"line":1,"column":54}},"1":{"start":{"line":20,"column":15},"end":{"line":20,"column":40}},"2":{"start":{"line":21,"column":2},"end":{"line":21,"column":62}},"3":{"start":{"line":21,"column":25},"end":{"line":21,"column":62}},"4":{"start":{"line":24,"column":15},"end":{"line":26,"column":3}},"5":{"start":{"line":25,"column":6},"end":{"line":25,"column":52}},"6":{"start":{"line":28,"column":2},"end":{"line":31,"column":4}},"7":{"start":{"line":35,"column":0},"end":{"line":35,"column":41}}},"fnMap":{"0":{"name":"sqlForPartialUpdate","decl":{"start":{"line":18,"column":9},"end":{"line":18,"column":28}},"loc":{"start":{"line":18,"column":52},"end":{"line":32,"column":1}},"line":18},"1":{"name":"(anonymous_1)","decl":{"start":{"line":24,"column":24},"end":{"line":24,"column":25}},"loc":{"start":{"line":25,"column":6},"end":{"line":25,"column":52}},"line":25}},"branchMap":{"0":{"loc":{"start":{"line":21,"column":2},"end":{"line":21,"column":62}},"type":"if","locations":[{"start":{"line":21,"column":2},"end":{"line":21,"column":62}},{"start":{},"end":{}}],"line":21},"1":{"loc":{"start":{"line":25,"column":10},"end":{"line":25,"column":37}},"type":"binary-expr","locations":[{"start":{"line":25,"column":10},"end":{"line":25,"column":26}},{"start":{"line":25,"column":30},"end":{"line":25,"column":37}}],"line":25}},"s":{"0":9,"1":22,"2":22,"3":4,"4":18,"5":36,"6":18,"7":9},"f":{"0":22,"1":36},"b":{"0":[4,18],"1":[36,22]},"_coverageSchema":"1a1c01bbd47fc00a2c39e90264f33305004495a9","hash":"e45ec2a216526deda6dff85bfd81519b1d978cd6"}
,"/Users/jen/Websites/Rithm/express-jobly/helpers/tokens.js": {"path":"/Users/jen/Websites/Rithm/express-jobly/helpers/tokens.js","statementMap":{"0":{"start":{"line":1,"column":12},"end":{"line":1,"column":35}},"1":{"start":{"line":2,"column":23},"end":{"line":2,"column":43}},"2":{"start":{"line":7,"column":2},"end":{"line":8,"column":58}},"3":{"start":{"line":10,"column":16},"end":{"line":13,"column":3}},"4":{"start":{"line":15,"column":2},"end":{"line":15,"column":39}},"5":{"start":{"line":18,"column":0},"end":{"line":18,"column":33}}},"fnMap":{"0":{"name":"createToken","decl":{"start":{"line":6,"column":9},"end":{"line":6,"column":20}},"loc":{"start":{"line":6,"column":27},"end":{"line":16,"column":1}},"line":6}},"branchMap":{"0":{"loc":{"start":{"line":12,"column":13},"end":{"line":12,"column":34}},"type":"binary-expr","locations":[{"start":{"line":12,"column":13},"end":{"line":12,"column":25}},{"start":{"line":12,"column":29},"end":{"line":12,"column":34}}],"line":12}},"s":{"0":6,"1":6,"2":19,"3":19,"4":19,"5":6},"f":{"0":19},"b":{"0":[19,13]},"_coverageSchema":"1a1c01bbd47fc00a2c39e90264f33305004495a9","hash":"5d7341ce3593fe3a613de95de727a702f77d8d69"}
,"/Users/jen/Websites/Rithm/express-jobly/middleware/auth.js": {"path":"/Users/jen/Websites/Rithm/express-jobly/middleware/auth.js","statementMap":{"0":{"start":{"line":5,"column":12},"end":{"line":5,"column":35}},"1":{"start":{"line":6,"column":23},"end":{"line":6,"column":43}},"2":{"start":{"line":7,"column":30},"end":{"line":7,"column":56}},"3":{"start":{"line":19,"column":2},"end":{"line":28,"column":3}},"4":{"start":{"line":20,"column":23},"end":{"line":20,"column":63}},"5":{"start":{"line":21,"column":4},"end":{"line":24,"column":5}},"6":{"start":{"line":22,"column":20},"end":{"line":22,"column":64}},"7":{"start":{"line":23,"column":6},"end":{"line":23,"column":54}},"8":{"start":{"line":25,"column":4},"end":{"line":25,"column":18}},"9":{"start":{"line":27,"column":4},"end":{"line":27,"column":18}},"10":{"start":{"line":37,"column":2},"end":{"line":37,"column":54}},"11":{"start":{"line":37,"column":24},"end":{"line":37,"column":54}},"12":{"start":{"line":38,"column":2},"end":{"line":38,"column":16}},"13":{"start":{"line":46,"column":2},"end":{"line":48,"column":3}},"14":{"start":{"line":47,"column":4},"end":{"line":47,"column":34}},"15":{"start":{"line":49,"column":2},"end":{"line":49,"column":16}},"16":{"start":{"line":57,"column":19},"end":{"line":57,"column":38}},"17":{"start":{"line":59,"column":2},"end":{"line":61,"column":3}},"18":{"start":{"line":60,"column":4},"end":{"line":60,"column":34}},"19":{"start":{"line":63,"column":2},"end":{"line":65,"column":3}},"20":{"start":{"line":64,"column":4},"end":{"line":64,"column":34}},"21":{"start":{"line":67,"column":2},"end":{"line":67,"column":16}},"22":{"start":{"line":70,"column":0},"end":{"line":75,"column":2}}},"fnMap":{"0":{"name":"authenticateJWT","decl":{"start":{"line":18,"column":9},"end":{"line":18,"column":24}},"loc":{"start":{"line":18,"column":41},"end":{"line":29,"column":1}},"line":18},"1":{"name":"ensureLoggedIn","decl":{"start":{"line":36,"column":9},"end":{"line":36,"column":23}},"loc":{"start":{"line":36,"column":40},"end":{"line":39,"column":1}},"line":36},"2":{"name":"ensureIsAdmin","decl":{"start":{"line":44,"column":9},"end":{"line":44,"column":22}},"loc":{"start":{"line":44,"column":39},"end":{"line":50,"column":1}},"line":44},"3":{"name":"ensureIsCorrectUserOrAdmin","decl":{"start":{"line":56,"column":9},"end":{"line":56,"column":35}},"loc":{"start":{"line":56,"column":52},"end":{"line":68,"column":1}},"line":56}},"branchMap":{"0":{"loc":{"start":{"line":20,"column":23},"end":{"line":20,"column":63}},"type":"binary-expr","locations":[{"start":{"line":20,"column":23},"end":{"line":20,"column":34}},{"start":{"line":20,"column":38},"end":{"line":20,"column":63}}],"line":20},"1":{"loc":{"start":{"line":21,"column":4},"end":{"line":24,"column":5}},"type":"if","locations":[{"start":{"line":21,"column":4},"end":{"line":24,"column":5}},{"start":{},"end":{}}],"line":21},"2":{"loc":{"start":{"line":37,"column":2},"end":{"line":37,"column":54}},"type":"if","locations":[{"start":{"line":37,"column":2},"end":{"line":37,"column":54}},{"start":{},"end":{}}],"line":37},"3":{"loc":{"start":{"line":46,"column":2},"end":{"line":48,"column":3}},"type":"if","locations":[{"start":{"line":46,"column":2},"end":{"line":48,"column":3}},{"start":{},"end":{}}],"line":46},"4":{"loc":{"start":{"line":46,"column":6},"end":{"line":46,"column":58}},"type":"binary-expr","locations":[{"start":{"line":46,"column":6},"end":{"line":46,"column":22}},{"start":{"line":46,"column":26},"end":{"line":46,"column":58}}],"line":46},"5":{"loc":{"start":{"line":59,"column":2},"end":{"line":61,"column":3}},"type":"if","locations":[{"start":{"line":59,"column":2},"end":{"line":61,"column":3}},{"start":{},"end":{}}],"line":59},"6":{"loc":{"start":{"line":63,"column":2},"end":{"line":65,"column":3}},"type":"if","locations":[{"start":{"line":63,"column":2},"end":{"line":65,"column":3}},{"start":{},"end":{}}],"line":63},"7":{"loc":{"start":{"line":63,"column":8},"end":{"line":63,"column":81}},"type":"binary-expr","locations":[{"start":{"line":63,"column":8},"end":{"line":63,"column":40}},{"start":{"line":63,"column":44},"end":{"line":63,"column":81}}],"line":63}},"s":{"0":6,"1":6,"2":6,"3":84,"4":84,"5":84,"6":50,"7":50,"8":83,"9":1,"10":2,"11":1,"12":1,"13":41,"14":16,"15":25,"16":21,"17":21,"18":4,"19":17,"20":4,"21":13,"22":6},"f":{"0":84,"1":2,"2":41,"3":21},"b":{"0":[84,83],"1":[50,34],"2":[1,1],"3":[16,25],"4":[41,34],"5":[4,17],"6":[4,13],"7":[17,9]},"_coverageSchema":"1a1c01bbd47fc00a2c39e90264f33305004495a9","hash":"88b3a4236e570bea4652f721cc9114aa8529505d"}
,"/Users/jen/Websites/Rithm/express-jobly/models/_testCommon.js": {"path":"/Users/jen/Websites/Rithm/express-jobly/models/_testCommon.js","statementMap":{"0":{"start":{"line":1,"column":15},"end":{"line":1,"column":32}},"1":{"start":{"line":3,"column":11},"end":{"line":3,"column":30}},"2":{"start":{"line":4,"column":31},"end":{"line":4,"column":51}},"3":{"start":{"line":8,"column":2},"end":{"line":8,"column":42}},"4":{"start":{"line":10,"column":2},"end":{"line":10,"column":38}},"5":{"start":{"line":12,"column":2},"end":{"line":12,"column":37}},"6":{"start":{"line":14,"column":2},"end":{"line":14,"column":59}},"7":{"start":{"line":16,"column":2},"end":{"line":20,"column":55}},"8":{"start":{"line":22,"column":2},"end":{"line":34,"column":9}},"9":{"start":{"line":36,"column":2},"end":{"line":40,"column":41}},"10":{"start":{"line":44,"column":2},"end":{"line":44,"column":26}},"11":{"start":{"line":48,"column":2},"end":{"line":48,"column":29}},"12":{"start":{"line":52,"column":2},"end":{"line":52,"column":17}},"13":{"start":{"line":56,"column":0},"end":{"line":61,"column":2}}},"fnMap":{"0":{"name":"commonBeforeAll","decl":{"start":{"line":6,"column":15},"end":{"line":6,"column":30}},"loc":{"start":{"line":6,"column":33},"end":{"line":41,"column":1}},"line":6},"1":{"name":"commonBeforeEach","decl":{"start":{"line":43,"column":15},"end":{"line":43,"column":31}},"loc":{"start":{"line":43,"column":34},"end":{"line":45,"column":1}},"line":43},"2":{"name":"commonAfterEach","decl":{"start":{"line":47,"column":15},"end":{"line":47,"column":30}},"loc":{"start":{"line":47,"column":33},"end":{"line":49,"column":1}},"line":47},"3":{"name":"commonAfterAll","decl":{"start":{"line":51,"column":15},"end":{"line":51,"column":29}},"loc":{"start":{"line":51,"column":32},"end":{"line":53,"column":1}},"line":51}},"branchMap":{},"s":{"0":3,"1":3,"2":3,"3":3,"4":3,"5":3,"6":3,"7":3,"8":3,"9":3,"10":44,"11":44,"12":3,"13":3},"f":{"0":3,"1":44,"2":44,"3":3},"b":{},"_coverageSchema":"1a1c01bbd47fc00a2c39e90264f33305004495a9","hash":"49e8c8b0b40b17fef81129c8cc53994e2d4c5e17"}
,"/Users/jen/Websites/Rithm/express-jobly/models/company.js": {"path":"/Users/jen/Websites/Rithm/express-jobly/models/company.js","statementMap":{"0":{"start":{"line":3,"column":11},"end":{"line":3,"column":27}},"1":{"start":{"line":4,"column":43},"end":{"line":4,"column":69}},"2":{"start":{"line":5,"column":32},"end":{"line":5,"column":57}},"3":{"start":{"line":20,"column":27},"end":{"line":24,"column":15}},"4":{"start":{"line":26,"column":4},"end":{"line":27,"column":64}},"5":{"start":{"line":27,"column":6},"end":{"line":27,"column":64}},"6":{"start":{"line":29,"column":19},"end":{"line":46,"column":5}},"7":{"start":{"line":47,"column":20},"end":{"line":47,"column":34}},"8":{"start":{"line":49,"column":4},"end":{"line":49,"column":19}},"9":{"start":{"line":58,"column":25},"end":{"line":65,"column":26}},"10":{"start":{"line":66,"column":4},"end":{"line":66,"column":29}},"11":{"start":{"line":77,"column":39},"end":{"line":77,"column":77}},"12":{"start":{"line":79,"column":25},"end":{"line":87,"column":29}},"13":{"start":{"line":89,"column":4},"end":{"line":89,"column":29}},"14":{"start":{"line":102,"column":25},"end":{"line":102,"column":27}},"15":{"start":{"line":103,"column":19},"end":{"line":103,"column":21}},"16":{"start":{"line":105,"column":4},"end":{"line":107,"column":5}},"17":{"start":{"line":106,"column":6},"end":{"line":106,"column":81}},"18":{"start":{"line":109,"column":4},"end":{"line":112,"column":5}},"19":{"start":{"line":110,"column":6},"end":{"line":110,"column":39}},"20":{"start":{"line":111,"column":6},"end":{"line":111,"column":56}},"21":{"start":{"line":113,"column":4},"end":{"line":116,"column":5}},"22":{"start":{"line":114,"column":6},"end":{"line":114,"column":40}},"23":{"start":{"line":115,"column":6},"end":{"line":115,"column":62}},"24":{"start":{"line":118,"column":4},"end":{"line":121,"column":5}},"25":{"start":{"line":119,"column":6},"end":{"line":119,"column":40}},"26":{"start":{"line":120,"column":6},"end":{"line":120,"column":62}},"27":{"start":{"line":123,"column":27},"end":{"line":123,"column":53}},"28":{"start":{"line":125,"column":4},"end":{"line":125,"column":38}},"29":{"start":{"line":140,"column":23},"end":{"line":148,"column":15}},"30":{"start":{"line":150,"column":22},"end":{"line":150,"column":40}},"31":{"start":{"line":151,"column":6},"end":{"line":151,"column":69}},"32":{"start":{"line":151,"column":20},"end":{"line":151,"column":69}},"33":{"start":{"line":154,"column":19},"end":{"line":162,"column":17}},"34":{"start":{"line":164,"column":6},"end":{"line":164,"column":31}},"35":{"start":{"line":166,"column":4},"end":{"line":166,"column":19}},"36":{"start":{"line":182,"column":32},"end":{"line":187,"column":8}},"37":{"start":{"line":188,"column":25},"end":{"line":188,"column":50}},"38":{"start":{"line":190,"column":21},"end":{"line":194,"column":100}},"39":{"start":{"line":195,"column":19},"end":{"line":195,"column":64}},"40":{"start":{"line":196,"column":20},"end":{"line":196,"column":34}},"41":{"start":{"line":198,"column":4},"end":{"line":198,"column":67}},"42":{"start":{"line":198,"column":18},"end":{"line":198,"column":67}},"43":{"start":{"line":200,"column":4},"end":{"line":200,"column":19}},"44":{"start":{"line":209,"column":19},"end":{"line":214,"column":15}},"45":{"start":{"line":215,"column":20},"end":{"line":215,"column":34}},"46":{"start":{"line":217,"column":4},"end":{"line":217,"column":67}},"47":{"start":{"line":217,"column":18},"end":{"line":217,"column":67}},"48":{"start":{"line":222,"column":0},"end":{"line":222,"column":25}}},"fnMap":{"0":{"name":"(anonymous_0)","decl":{"start":{"line":19,"column":2},"end":{"line":19,"column":3}},"loc":{"start":{"line":19,"column":76},"end":{"line":50,"column":3}},"line":19},"1":{"name":"(anonymous_1)","decl":{"start":{"line":57,"column":2},"end":{"line":57,"column":3}},"loc":{"start":{"line":57,"column":25},"end":{"line":67,"column":3}},"line":57},"2":{"name":"(anonymous_2)","decl":{"start":{"line":75,"column":2},"end":{"line":75,"column":3}},"loc":{"start":{"line":75,"column":37},"end":{"line":90,"column":3}},"line":75},"3":{"name":"(anonymous_3)","decl":{"start":{"line":100,"column":2},"end":{"line":100,"column":3}},"loc":{"start":{"line":100,"column":40},"end":{"line":127,"column":3}},"line":100},"4":{"name":"(anonymous_4)","decl":{"start":{"line":138,"column":2},"end":{"line":138,"column":3}},"loc":{"start":{"line":138,"column":27},"end":{"line":167,"column":3}},"line":138},"5":{"name":"(anonymous_5)","decl":{"start":{"line":181,"column":2},"end":{"line":181,"column":3}},"loc":{"start":{"line":181,"column":36},"end":{"line":201,"column":3}},"line":181},"6":{"name":"(anonymous_6)","decl":{"start":{"line":208,"column":2},"end":{"line":208,"column":3}},"loc":{"start":{"line":208,"column":30},"end":{"line":218,"column":3}},"line":208}},"branchMap":{"0":{"loc":{"start":{"line":26,"column":4},"end":{"line":27,"column":64}},"type":"if","locations":[{"start":{"line":26,"column":4},"end":{"line":27,"column":64}},{"start":{},"end":{}}],"line":26},"1":{"loc":{"start":{"line":105,"column":4},"end":{"line":107,"column":5}},"type":"if","locations":[{"start":{"line":105,"column":4},"end":{"line":107,"column":5}},{"start":{},"end":{}}],"line":105},"2":{"loc":{"start":{"line":109,"column":4},"end":{"line":112,"column":5}},"type":"if","locations":[{"start":{"line":109,"column":4},"end":{"line":112,"column":5}},{"start":{},"end":{}}],"line":109},"3":{"loc":{"start":{"line":113,"column":4},"end":{"line":116,"column":5}},"type":"if","locations":[{"start":{"line":113,"column":4},"end":{"line":116,"column":5}},{"start":{},"end":{}}],"line":113},"4":{"loc":{"start":{"line":118,"column":4},"end":{"line":121,"column":5}},"type":"if","locations":[{"start":{"line":118,"column":4},"end":{"line":121,"column":5}},{"start":{},"end":{}}],"line":118},"5":{"loc":{"start":{"line":151,"column":6},"end":{"line":151,"column":69}},"type":"if","locations":[{"start":{"line":151,"column":6},"end":{"line":151,"column":69}},{"start":{},"end":{}}],"line":151},"6":{"loc":{"start":{"line":198,"column":4},"end":{"line":198,"column":67}},"type":"if","locations":[{"start":{"line":198,"column":4},"end":{"line":198,"column":67}},{"start":{},"end":{}}],"line":198},"7":{"loc":{"start":{"line":217,"column":4},"end":{"line":217,"column":67}},"type":"if","locations":[{"start":{"line":217,"column":4},"end":{"line":217,"column":67}},{"start":{},"end":{}}],"line":217}},"s":{"0":6,"1":6,"2":6,"3":16,"4":16,"5":1,"6":15,"7":15,"8":15,"9":3,"10":2,"11":5,"12":4,"13":4,"14":6,"15":6,"16":6,"17":1,"18":5,"19":3,"20":3,"21":5,"22":4,"23":4,"24":5,"25":2,"26":2,"27":5,"28":5,"29":5,"30":5,"31":5,"32":2,"33":3,"34":3,"35":3,"36":6,"37":5,"38":5,"39":5,"40":5,"41":5,"42":2,"43":3,"44":4,"45":4,"46":4,"47":2,"48":6},"f":{"0":16,"1":3,"2":5,"3":6,"4":5,"5":6,"6":4},"b":{"0":[1,15],"1":[1,5],"2":[3,2],"3":[4,1],"4":[2,3],"5":[2,3],"6":[2,3],"7":[2,2]},"_coverageSchema":"1a1c01bbd47fc00a2c39e90264f33305004495a9","hash":"549642f4d221b4fbb5c920bedc7d5e81e987df38"}
,"/Users/jen/Websites/Rithm/express-jobly/models/job.js": {"path":"/Users/jen/Websites/Rithm/express-jobly/models/job.js","statementMap":{"0":{"start":{"line":3,"column":11},"end":{"line":3,"column":27}},"1":{"start":{"line":4,"column":43},"end":{"line":4,"column":69}},"2":{"start":{"line":5,"column":32},"end":{"line":5,"column":57}},"3":{"start":{"line":20,"column":19},"end":{"line":35,"column":5}},"4":{"start":{"line":36,"column":16},"end":{"line":36,"column":30}},"5":{"start":{"line":38,"column":4},"end":{"line":38,"column":15}},"6":{"start":{"line":47,"column":20},"end":{"line":54,"column":24}},"7":{"start":{"line":55,"column":4},"end":{"line":55,"column":24}},"8":{"start":{"line":66,"column":19},"end":{"line":74,"column":11}},"9":{"start":{"line":76,"column":16},"end":{"line":76,"column":30}},"10":{"start":{"line":77,"column":4},"end":{"line":77,"column":55}},"11":{"start":{"line":77,"column":14},"end":{"line":77,"column":55}},"12":{"start":{"line":79,"column":4},"end":{"line":79,"column":15}},"13":{"start":{"line":90,"column":41},"end":{"line":90,"column":75}},"14":{"start":{"line":92,"column":22},"end":{"line":100,"column":29}},"15":{"start":{"line":102,"column":6},"end":{"line":102,"column":26}},"16":{"start":{"line":115,"column":25},"end":{"line":115,"column":27}},"17":{"start":{"line":116,"column":19},"end":{"line":116,"column":21}},"18":{"start":{"line":118,"column":4},"end":{"line":121,"column":5}},"19":{"start":{"line":119,"column":6},"end":{"line":119,"column":40}},"20":{"start":{"line":120,"column":6},"end":{"line":120,"column":57}},"21":{"start":{"line":122,"column":4},"end":{"line":125,"column":5}},"22":{"start":{"line":123,"column":6},"end":{"line":123,"column":37}},"23":{"start":{"line":124,"column":6},"end":{"line":124,"column":55}},"24":{"start":{"line":127,"column":4},"end":{"line":129,"column":5}},"25":{"start":{"line":128,"column":6},"end":{"line":128,"column":40}},"26":{"start":{"line":131,"column":27},"end":{"line":131,"column":53}},"27":{"start":{"line":133,"column":4},"end":{"line":133,"column":38}},"28":{"start":{"line":150,"column":32},"end":{"line":154,"column":8}},"29":{"start":{"line":155,"column":21},"end":{"line":155,"column":46}},"30":{"start":{"line":157,"column":21},"end":{"line":161,"column":79}},"31":{"start":{"line":162,"column":19},"end":{"line":162,"column":60}},"32":{"start":{"line":163,"column":16},"end":{"line":163,"column":30}},"33":{"start":{"line":165,"column":4},"end":{"line":165,"column":55}},"34":{"start":{"line":165,"column":14},"end":{"line":165,"column":55}},"35":{"start":{"line":167,"column":4},"end":{"line":167,"column":15}},"36":{"start":{"line":176,"column":21},"end":{"line":181,"column":13}},"37":{"start":{"line":182,"column":18},"end":{"line":182,"column":32}},"38":{"start":{"line":184,"column":6},"end":{"line":184,"column":57}},"39":{"start":{"line":184,"column":16},"end":{"line":184,"column":57}},"40":{"start":{"line":188,"column":0},"end":{"line":188,"column":21}}},"fnMap":{"0":{"name":"(anonymous_0)","decl":{"start":{"line":18,"column":3},"end":{"line":18,"column":4}},"loc":{"start":{"line":18,"column":65},"end":{"line":39,"column":3}},"line":18},"1":{"name":"(anonymous_1)","decl":{"start":{"line":46,"column":3},"end":{"line":46,"column":4}},"loc":{"start":{"line":46,"column":26},"end":{"line":56,"column":3}},"line":46},"2":{"name":"(anonymous_2)","decl":{"start":{"line":65,"column":3},"end":{"line":65,"column":4}},"loc":{"start":{"line":65,"column":24},"end":{"line":80,"column":3}},"line":65},"3":{"name":"(anonymous_3)","decl":{"start":{"line":88,"column":5},"end":{"line":88,"column":6}},"loc":{"start":{"line":88,"column":40},"end":{"line":103,"column":5}},"line":88},"4":{"name":"(anonymous_4)","decl":{"start":{"line":113,"column":2},"end":{"line":113,"column":3}},"loc":{"start":{"line":113,"column":40},"end":{"line":135,"column":3}},"line":113},"5":{"name":"(anonymous_5)","decl":{"start":{"line":149,"column":3},"end":{"line":149,"column":4}},"loc":{"start":{"line":149,"column":33},"end":{"line":168,"column":3}},"line":149},"6":{"name":"(anonymous_6)","decl":{"start":{"line":175,"column":5},"end":{"line":175,"column":6}},"loc":{"start":{"line":175,"column":29},"end":{"line":185,"column":5}},"line":175}},"branchMap":{"0":{"loc":{"start":{"line":77,"column":4},"end":{"line":77,"column":55}},"type":"if","locations":[{"start":{"line":77,"column":4},"end":{"line":77,"column":55}},{"start":{},"end":{}}],"line":77},"1":{"loc":{"start":{"line":118,"column":4},"end":{"line":121,"column":5}},"type":"if","locations":[{"start":{"line":118,"column":4},"end":{"line":121,"column":5}},{"start":{},"end":{}}],"line":118},"2":{"loc":{"start":{"line":122,"column":4},"end":{"line":125,"column":5}},"type":"if","locations":[{"start":{"line":122,"column":4},"end":{"line":125,"column":5}},{"start":{},"end":{}}],"line":122},"3":{"loc":{"start":{"line":127,"column":4},"end":{"line":129,"column":5}},"type":"if","locations":[{"start":{"line":127,"column":4},"end":{"line":129,"column":5}},{"start":{},"end":{}}],"line":127},"4":{"loc":{"start":{"line":165,"column":4},"end":{"line":165,"column":55}},"type":"if","locations":[{"start":{"line":165,"column":4},"end":{"line":165,"column":55}},{"start":{},"end":{}}],"line":165},"5":{"loc":{"start":{"line":184,"column":6},"end":{"line":184,"column":57}},"type":"if","locations":[{"start":{"line":184,"column":6},"end":{"line":184,"column":57}},{"start":{},"end":{}}],"line":184}},"s":{"0":6,"1":6,"2":6,"3":14,"4":14,"5":14,"6":3,"7":2,"8":4,"9":4,"10":4,"11":2,"12":2,"13":6,"14":6,"15":6,"16":7,"17":7,"18":7,"19":3,"20":3,"21":7,"22":2,"23":2,"24":7,"25":3,"26":7,"27":7,"28":6,"29":5,"30":5,"31":5,"32":5,"33":5,"34":2,"35":3,"36":4,"37":4,"38":4,"39":2,"40":6},"f":{"0":14,"1":3,"2":4,"3":6,"4":7,"5":6,"6":4},"b":{"0":[2,2],"1":[3,4],"2":[2,5],"3":[3,4],"4":[2,3],"5":[2,2]},"_coverageSchema":"1a1c01bbd47fc00a2c39e90264f33305004495a9","hash":"727d62b8e6aa280e2a3a80dbc851eb93b24dbc9a"}
,"/Users/jen/Websites/Rithm/express-jobly/models/user.js": {"path":"/Users/jen/Websites/Rithm/express-jobly/models/user.js","statementMap":{"0":{"start":{"line":3,"column":11},"end":{"line":3,"column":27}},"1":{"start":{"line":4,"column":15},"end":{"line":4,"column":32}},"2":{"start":{"line":5,"column":32},"end":{"line":5,"column":57}},"3":{"start":{"line":10,"column":4},"end":{"line":10,"column":30}},"4":{"start":{"line":12,"column":31},"end":{"line":12,"column":54}},"5":{"start":{"line":26,"column":19},"end":{"line":36,"column":5}},"6":{"start":{"line":38,"column":17},"end":{"line":38,"column":31}},"7":{"start":{"line":40,"column":4},"end":{"line":47,"column":5}},"8":{"start":{"line":42,"column":22},"end":{"line":42,"column":67}},"9":{"start":{"line":43,"column":6},"end":{"line":46,"column":7}},"10":{"start":{"line":44,"column":8},"end":{"line":44,"column":29}},"11":{"start":{"line":45,"column":8},"end":{"line":45,"column":20}},"12":{"start":{"line":49,"column":4},"end":{"line":49,"column":61}},"13":{"start":{"line":61,"column":27},"end":{"line":66,"column":5}},"14":{"start":{"line":68,"column":4},"end":{"line":70,"column":5}},"15":{"start":{"line":69,"column":6},"end":{"line":69,"column":67}},"16":{"start":{"line":72,"column":27},"end":{"line":72,"column":74}},"17":{"start":{"line":74,"column":19},"end":{"line":92,"column":5}},"18":{"start":{"line":94,"column":17},"end":{"line":94,"column":31}},"19":{"start":{"line":96,"column":4},"end":{"line":96,"column":16}},"20":{"start":{"line":105,"column":19},"end":{"line":113,"column":5}},"21":{"start":{"line":115,"column":4},"end":{"line":115,"column":23}},"22":{"start":{"line":127,"column":20},"end":{"line":136,"column":5}},"23":{"start":{"line":138,"column":17},"end":{"line":138,"column":32}},"24":{"start":{"line":140,"column":4},"end":{"line":140,"column":63}},"25":{"start":{"line":140,"column":15},"end":{"line":140,"column":63}},"26":{"start":{"line":142,"column":4},"end":{"line":142,"column":16}},"27":{"start":{"line":163,"column":4},"end":{"line":165,"column":5}},"28":{"start":{"line":164,"column":6},"end":{"line":164,"column":75}},"29":{"start":{"line":167,"column":32},"end":{"line":173,"column":8}},"30":{"start":{"line":174,"column":4},"end":{"line":174,"column":48}},"31":{"start":{"line":175,"column":27},"end":{"line":175,"column":52}},"32":{"start":{"line":177,"column":21},"end":{"line":184,"column":54}},"33":{"start":{"line":185,"column":19},"end":{"line":185,"column":66}},"34":{"start":{"line":186,"column":17},"end":{"line":186,"column":31}},"35":{"start":{"line":188,"column":4},"end":{"line":188,"column":63}},"36":{"start":{"line":188,"column":15},"end":{"line":188,"column":63}},"37":{"start":{"line":190,"column":4},"end":{"line":190,"column":25}},"38":{"start":{"line":191,"column":4},"end":{"line":191,"column":16}},"39":{"start":{"line":197,"column":17},"end":{"line":203,"column":5}},"40":{"start":{"line":204,"column":17},"end":{"line":204,"column":31}},"41":{"start":{"line":206,"column":4},"end":{"line":206,"column":63}},"42":{"start":{"line":206,"column":15},"end":{"line":206,"column":63}},"43":{"start":{"line":211,"column":0},"end":{"line":211,"column":22}}},"fnMap":{"0":{"name":"(anonymous_0)","decl":{"start":{"line":24,"column":2},"end":{"line":24,"column":3}},"loc":{"start":{"line":24,"column":48},"end":{"line":50,"column":3}},"line":24},"1":{"name":"(anonymous_1)","decl":{"start":{"line":59,"column":2},"end":{"line":59,"column":3}},"loc":{"start":{"line":60,"column":65},"end":{"line":97,"column":3}},"line":60},"2":{"name":"(anonymous_2)","decl":{"start":{"line":104,"column":2},"end":{"line":104,"column":3}},"loc":{"start":{"line":104,"column":25},"end":{"line":116,"column":3}},"line":104},"3":{"name":"(anonymous_3)","decl":{"start":{"line":126,"column":2},"end":{"line":126,"column":3}},"loc":{"start":{"line":126,"column":29},"end":{"line":143,"column":3}},"line":126},"4":{"name":"(anonymous_4)","decl":{"start":{"line":162,"column":2},"end":{"line":162,"column":3}},"loc":{"start":{"line":162,"column":38},"end":{"line":192,"column":3}},"line":162},"5":{"name":"(anonymous_5)","decl":{"start":{"line":196,"column":2},"end":{"line":196,"column":3}},"loc":{"start":{"line":196,"column":32},"end":{"line":207,"column":3}},"line":196}},"branchMap":{"0":{"loc":{"start":{"line":40,"column":4},"end":{"line":47,"column":5}},"type":"if","locations":[{"start":{"line":40,"column":4},"end":{"line":47,"column":5}},{"start":{},"end":{}}],"line":40},"1":{"loc":{"start":{"line":43,"column":6},"end":{"line":46,"column":7}},"type":"if","locations":[{"start":{"line":43,"column":6},"end":{"line":46,"column":7}},{"start":{},"end":{}}],"line":43},"2":{"loc":{"start":{"line":68,"column":4},"end":{"line":70,"column":5}},"type":"if","locations":[{"start":{"line":68,"column":4},"end":{"line":70,"column":5}},{"start":{},"end":{}}],"line":68},"3":{"loc":{"start":{"line":90,"column":8},"end":{"line":90,"column":24}},"type":"binary-expr","locations":[{"start":{"line":90,"column":8},"end":{"line":90,"column":15}},{"start":{"line":90,"column":19},"end":{"line":90,"column":24}}],"line":90},"4":{"loc":{"start":{"line":140,"column":4},"end":{"line":140,"column":63}},"type":"if","locations":[{"start":{"line":140,"column":4},"end":{"line":140,"column":63}},{"start":{},"end":{}}],"line":140},"5":{"loc":{"start":{"line":163,"column":4},"end":{"line":165,"column":5}},"type":"if","locations":[{"start":{"line":163,"column":4},"end":{"line":165,"column":5}},{"start":{},"end":{}}],"line":163},"6":{"loc":{"start":{"line":188,"column":4},"end":{"line":188,"column":63}},"type":"if","locations":[{"start":{"line":188,"column":4},"end":{"line":188,"column":63}},{"start":{},"end":{}}],"line":188},"7":{"loc":{"start":{"line":206,"column":4},"end":{"line":206,"column":63}},"type":"if","locations":[{"start":{"line":206,"column":4},"end":{"line":206,"column":63}},{"start":{},"end":{}}],"line":206}},"s":{"0":6,"1":6,"2":6,"3":6,"4":6,"5":7,"6":7,"7":7,"8":4,"9":4,"10":3,"11":3,"12":4,"13":23,"14":23,"15":1,"16":22,"17":22,"18":22,"19":22,"20":3,"21":2,"22":5,"23":5,"24":5,"25":2,"26":3,"27":8,"28":2,"29":8,"30":7,"31":7,"32":7,"33":7,"34":7,"35":7,"36":2,"37":5,"38":5,"39":5,"40":5,"41":5,"42":2,"43":6},"f":{"0":7,"1":23,"2":3,"3":5,"4":8,"5":5},"b":{"0":[4,3],"1":[3,1],"2":[1,22],"3":[22,16],"4":[2,3],"5":[2,6],"6":[2,5],"7":[2,3]},"_coverageSchema":"1a1c01bbd47fc00a2c39e90264f33305004495a9","hash":"ea6462358dd2721364b40a08101f32e180741f65"}
,"/Users/jen/Websites/Rithm/express-jobly/routes/_testCommon.js": {"path":"/Users/jen/Websites/Rithm/express-jobly/routes/_testCommon.js","statementMap":{"0":{"start":{"line":3,"column":11},"end":{"line":3,"column":30}},"1":{"start":{"line":4,"column":13},"end":{"line":4,"column":38}},"2":{"start":{"line":5,"column":16},"end":{"line":5,"column":44}},"3":{"start":{"line":6,"column":12},"end":{"line":6,"column":36}},"4":{"start":{"line":7,"column":24},"end":{"line":7,"column":52}},"5":{"start":{"line":11,"column":2},"end":{"line":11,"column":38}},"6":{"start":{"line":13,"column":2},"end":{"line":13,"column":42}},"7":{"start":{"line":14,"column":2},"end":{"line":14,"column":37}},"8":{"start":{"line":15,"column":2},"end":{"line":15,"column":59}},"9":{"start":{"line":17,"column":2},"end":{"line":24,"column":7}},"10":{"start":{"line":25,"column":2},"end":{"line":32,"column":7}},"11":{"start":{"line":33,"column":2},"end":{"line":40,"column":7}},"12":{"start":{"line":42,"column":2},"end":{"line":49,"column":5}},"13":{"start":{"line":50,"column":2},"end":{"line":57,"column":5}},"14":{"start":{"line":58,"column":2},"end":{"line":65,"column":5}},"15":{"start":{"line":66,"column":2},"end":{"line":73,"column":5}},"16":{"start":{"line":76,"column":2},"end":{"line":81,"column":5}},"17":{"start":{"line":82,"column":2},"end":{"line":87,"column":5}},"18":{"start":{"line":88,"column":2},"end":{"line":93,"column":4}},"19":{"start":{"line":97,"column":2},"end":{"line":97,"column":26}},"20":{"start":{"line":101,"column":2},"end":{"line":101,"column":29}},"21":{"start":{"line":105,"column":2},"end":{"line":105,"column":17}},"22":{"start":{"line":109,"column":16},"end":{"line":109,"column":63}},"23":{"start":{"line":110,"column":16},"end":{"line":110,"column":63}},"24":{"start":{"line":111,"column":19},"end":{"line":111,"column":65}},"25":{"start":{"line":114,"column":0},"end":{"line":122,"column":2}}},"fnMap":{"0":{"name":"commonBeforeAll","decl":{"start":{"line":9,"column":15},"end":{"line":9,"column":30}},"loc":{"start":{"line":9,"column":33},"end":{"line":94,"column":1}},"line":9},"1":{"name":"commonBeforeEach","decl":{"start":{"line":96,"column":15},"end":{"line":96,"column":31}},"loc":{"start":{"line":96,"column":34},"end":{"line":98,"column":1}},"line":96},"2":{"name":"commonAfterEach","decl":{"start":{"line":100,"column":15},"end":{"line":100,"column":30}},"loc":{"start":{"line":100,"column":33},"end":{"line":102,"column":1}},"line":100},"3":{"name":"commonAfterAll","decl":{"start":{"line":104,"column":15},"end":{"line":104,"column":29}},"loc":{"start":{"line":104,"column":32},"end":{"line":106,"column":1}},"line":104}},"branchMap":{},"s":{"0":4,"1":4,"2":4,"3":4,"4":4,"5":4,"6":4,"7":4,"8":4,"9":4,"10":4,"11":4,"12":4,"13":4,"14":4,"15":4,"16":4,"17":4,"18":4,"19":79,"20":79,"21":4,"22":4,"23":4,"24":4,"25":4},"f":{"0":4,"1":79,"2":79,"3":4},"b":{},"_coverageSchema":"1a1c01bbd47fc00a2c39e90264f33305004495a9","hash":"3a009a5752b91c83961fc686da2a28613c1a8cda"}
,"/Users/jen/Websites/Rithm/express-jobly/routes/auth.js": {"path":"/Users/jen/Websites/Rithm/express-jobly/routes/auth.js","statementMap":{"0":{"start":{"line":5,"column":19},"end":{"line":5,"column":40}},"1":{"start":{"line":7,"column":13},"end":{"line":7,"column":38}},"2":{"start":{"line":8,"column":16},"end":{"line":8,"column":34}},"3":{"start":{"line":9,"column":15},"end":{"line":9,"column":35}},"4":{"start":{"line":10,"column":24},"end":{"line":10,"column":52}},"5":{"start":{"line":11,"column":23},"end":{"line":11,"column":58}},"6":{"start":{"line":12,"column":27},"end":{"line":12,"column":66}},"7":{"start":{"line":13,"column":28},"end":{"line":13,"column":54}},"8":{"start":{"line":22,"column":0},"end":{"line":37,"column":3}},"9":{"start":{"line":23,"column":20},"end":{"line":27,"column":3}},"10":{"start":{"line":28,"column":2},"end":{"line":31,"column":3}},"11":{"start":{"line":29,"column":17},"end":{"line":29,"column":51}},"12":{"start":{"line":29,"column":43},"end":{"line":29,"column":50}},"13":{"start":{"line":30,"column":4},"end":{"line":30,"column":36}},"14":{"start":{"line":33,"column":33},"end":{"line":33,"column":41}},"15":{"start":{"line":34,"column":15},"end":{"line":34,"column":58}},"16":{"start":{"line":35,"column":16},"end":{"line":35,"column":33}},"17":{"start":{"line":36,"column":2},"end":{"line":36,"column":29}},"18":{"start":{"line":49,"column":0},"end":{"line":63,"column":3}},"19":{"start":{"line":50,"column":20},"end":{"line":54,"column":3}},"20":{"start":{"line":55,"column":2},"end":{"line":58,"column":3}},"21":{"start":{"line":56,"column":17},"end":{"line":56,"column":51}},"22":{"start":{"line":56,"column":43},"end":{"line":56,"column":50}},"23":{"start":{"line":57,"column":4},"end":{"line":57,"column":36}},"24":{"start":{"line":60,"column":18},"end":{"line":60,"column":70}},"25":{"start":{"line":61,"column":16},"end":{"line":61,"column":36}},"26":{"start":{"line":62,"column":2},"end":{"line":62,"column":41}},"27":{"start":{"line":66,"column":0},"end":{"line":66,"column":24}}},"fnMap":{"0":{"name":"(anonymous_0)","decl":{"start":{"line":22,"column":22},"end":{"line":22,"column":23}},"loc":{"start":{"line":22,"column":54},"end":{"line":37,"column":1}},"line":22},"1":{"name":"(anonymous_1)","decl":{"start":{"line":29,"column":38},"end":{"line":29,"column":39}},"loc":{"start":{"line":29,"column":43},"end":{"line":29,"column":50}},"line":29},"2":{"name":"(anonymous_2)","decl":{"start":{"line":49,"column":25},"end":{"line":49,"column":26}},"loc":{"start":{"line":49,"column":57},"end":{"line":63,"column":1}},"line":49},"3":{"name":"(anonymous_3)","decl":{"start":{"line":56,"column":38},"end":{"line":56,"column":39}},"loc":{"start":{"line":56,"column":43},"end":{"line":56,"column":50}},"line":56}},"branchMap":{"0":{"loc":{"start":{"line":28,"column":2},"end":{"line":31,"column":3}},"type":"if","locations":[{"start":{"line":28,"column":2},"end":{"line":31,"column":3}},{"start":{},"end":{}}],"line":28},"1":{"loc":{"start":{"line":55,"column":2},"end":{"line":58,"column":3}},"type":"if","locations":[{"start":{"line":55,"column":2},"end":{"line":58,"column":3}},{"start":{},"end":{}}],"line":55}},"s":{"0":5,"1":5,"2":5,"3":5,"4":5,"5":5,"6":5,"7":5,"8":5,"9":5,"10":5,"11":2,"12":2,"13":2,"14":3,"15":3,"16":1,"17":1,"18":5,"19":3,"20":3,"21":2,"22":5,"23":2,"24":1,"25":1,"26":1,"27":5},"f":{"0":5,"1":2,"2":3,"3":5},"b":{"0":[2,3],"1":[2,1]},"_coverageSchema":"1a1c01bbd47fc00a2c39e90264f33305004495a9","hash":"473c9f9af05bd5454e8af99952b9bc0faa3e5b4d"}
,"/Users/jen/Websites/Rithm/express-jobly/routes/companies.js": {"path":"/Users/jen/Websites/Rithm/express-jobly/routes/companies.js","statementMap":{"0":{"start":{"line":5,"column":19},"end":{"line":5,"column":40}},"1":{"start":{"line":6,"column":16},"end":{"line":6,"column":34}},"2":{"start":{"line":8,"column":28},"end":{"line":8,"column":54}},"3":{"start":{"line":9,"column":42},"end":{"line":9,"column":71}},"4":{"start":{"line":10,"column":16},"end":{"line":10,"column":44}},"5":{"start":{"line":12,"column":25},"end":{"line":12,"column":62}},"6":{"start":{"line":13,"column":28},"end":{"line":13,"column":68}},"7":{"start":{"line":14,"column":28},"end":{"line":14,"column":68}},"8":{"start":{"line":16,"column":15},"end":{"line":16,"column":35}},"9":{"start":{"line":28,"column":0},"end":{"line":41,"column":3}},"10":{"start":{"line":29,"column":20},"end":{"line":33,"column":3}},"11":{"start":{"line":34,"column":2},"end":{"line":37,"column":3}},"12":{"start":{"line":35,"column":17},"end":{"line":35,"column":51}},"13":{"start":{"line":35,"column":43},"end":{"line":35,"column":50}},"14":{"start":{"line":36,"column":4},"end":{"line":36,"column":36}},"15":{"start":{"line":39,"column":18},"end":{"line":39,"column":48}},"16":{"start":{"line":40,"column":2},"end":{"line":40,"column":43}},"17":{"start":{"line":54,"column":0},"end":{"line":88,"column":3}},"18":{"start":{"line":55,"column":18},"end":{"line":55,"column":27}},"19":{"start":{"line":59,"column":2},"end":{"line":84,"column":3}},"20":{"start":{"line":60,"column":4},"end":{"line":60,"column":40}},"21":{"start":{"line":63,"column":4},"end":{"line":65,"column":5}},"22":{"start":{"line":64,"column":6},"end":{"line":64,"column":58}},"23":{"start":{"line":67,"column":4},"end":{"line":69,"column":5}},"24":{"start":{"line":68,"column":6},"end":{"line":68,"column":58}},"25":{"start":{"line":72,"column":22},"end":{"line":76,"column":5}},"26":{"start":{"line":77,"column":4},"end":{"line":80,"column":5}},"27":{"start":{"line":78,"column":19},"end":{"line":78,"column":53}},"28":{"start":{"line":78,"column":45},"end":{"line":78,"column":52}},"29":{"start":{"line":79,"column":6},"end":{"line":79,"column":38}},"30":{"start":{"line":83,"column":4},"end":{"line":83,"column":52}},"31":{"start":{"line":86,"column":2},"end":{"line":86,"column":33}},"32":{"start":{"line":99,"column":0},"end":{"line":103,"column":3}},"33":{"start":{"line":100,"column":18},"end":{"line":100,"column":54}},"34":{"start":{"line":102,"column":2},"end":{"line":102,"column":31}},"35":{"start":{"line":116,"column":0},"end":{"line":129,"column":3}},"36":{"start":{"line":117,"column":20},"end":{"line":121,"column":3}},"37":{"start":{"line":122,"column":2},"end":{"line":125,"column":3}},"38":{"start":{"line":123,"column":17},"end":{"line":123,"column":51}},"39":{"start":{"line":123,"column":43},"end":{"line":123,"column":50}},"40":{"start":{"line":124,"column":4},"end":{"line":124,"column":36}},"41":{"start":{"line":127,"column":18},"end":{"line":127,"column":67}},"42":{"start":{"line":128,"column":2},"end":{"line":128,"column":31}},"43":{"start":{"line":136,"column":0},"end":{"line":139,"column":3}},"44":{"start":{"line":137,"column":2},"end":{"line":137,"column":42}},"45":{"start":{"line":138,"column":2},"end":{"line":138,"column":50}},"46":{"start":{"line":142,"column":0},"end":{"line":142,"column":24}}},"fnMap":{"0":{"name":"(anonymous_0)","decl":{"start":{"line":28,"column":32},"end":{"line":28,"column":33}},"loc":{"start":{"line":28,"column":64},"end":{"line":41,"column":1}},"line":28},"1":{"name":"(anonymous_1)","decl":{"start":{"line":35,"column":38},"end":{"line":35,"column":39}},"loc":{"start":{"line":35,"column":43},"end":{"line":35,"column":50}},"line":35},"2":{"name":"(anonymous_2)","decl":{"start":{"line":54,"column":16},"end":{"line":54,"column":17}},"loc":{"start":{"line":54,"column":48},"end":{"line":88,"column":1}},"line":54},"3":{"name":"(anonymous_3)","decl":{"start":{"line":78,"column":40},"end":{"line":78,"column":41}},"loc":{"start":{"line":78,"column":45},"end":{"line":78,"column":52}},"line":78},"4":{"name":"(anonymous_4)","decl":{"start":{"line":99,"column":23},"end":{"line":99,"column":24}},"loc":{"start":{"line":99,"column":55},"end":{"line":103,"column":1}},"line":99},"5":{"name":"(anonymous_5)","decl":{"start":{"line":116,"column":40},"end":{"line":116,"column":41}},"loc":{"start":{"line":116,"column":72},"end":{"line":129,"column":1}},"line":116},"6":{"name":"(anonymous_6)","decl":{"start":{"line":123,"column":38},"end":{"line":123,"column":39}},"loc":{"start":{"line":123,"column":43},"end":{"line":123,"column":50}},"line":123},"7":{"name":"(anonymous_7)","decl":{"start":{"line":136,"column":41},"end":{"line":136,"column":42}},"loc":{"start":{"line":136,"column":73},"end":{"line":139,"column":1}},"line":136}},"branchMap":{"0":{"loc":{"start":{"line":34,"column":2},"end":{"line":37,"column":3}},"type":"if","locations":[{"start":{"line":34,"column":2},"end":{"line":37,"column":3}},{"start":{},"end":{}}],"line":34},"1":{"loc":{"start":{"line":59,"column":2},"end":{"line":84,"column":3}},"type":"if","locations":[{"start":{"line":59,"column":2},"end":{"line":84,"column":3}},{"start":{"line":61,"column":9},"end":{"line":84,"column":3}}],"line":59},"2":{"loc":{"start":{"line":63,"column":4},"end":{"line":65,"column":5}},"type":"if","locations":[{"start":{"line":63,"column":4},"end":{"line":65,"column":5}},{"start":{},"end":{}}],"line":63},"3":{"loc":{"start":{"line":67,"column":4},"end":{"line":69,"column":5}},"type":"if","locations":[{"start":{"line":67,"column":4},"end":{"line":69,"column":5}},{"start":{},"end":{}}],"line":67},"4":{"loc":{"start":{"line":77,"column":4},"end":{"line":80,"column":5}},"type":"if","locations":[{"start":{"line":77,"column":4},"end":{"line":80,"column":5}},{"start":{},"end":{}}],"line":77},"5":{"loc":{"start":{"line":122,"column":2},"end":{"line":125,"column":3}},"type":"if","locations":[{"start":{"line":122,"column":2},"end":{"line":125,"column":3}},{"start":{},"end":{}}],"line":122}},"s":{"0":5,"1":5,"2":5,"3":5,"4":5,"5":5,"6":5,"7":5,"8":5,"9":5,"10":3,"11":3,"12":2,"13":3,"14":2,"15":1,"16":1,"17":5,"18":5,"19":5,"20":2,"21":3,"22":1,"23":3,"24":1,"25":3,"26":3,"27":1,"28":1,"29":1,"30":2,"31":3,"32":5,"33":3,"34":2,"35":5,"36":4,"37":4,"38":2,"39":2,"40":2,"41":2,"42":1,"43":5,"44":2,"45":1,"46":5},"f":{"0":3,"1":3,"2":5,"3":1,"4":3,"5":4,"6":2,"7":2},"b":{"0":[2,1],"1":[2,3],"2":[1,2],"3":[1,2],"4":[1,2],"5":[2,2]},"_coverageSchema":"1a1c01bbd47fc00a2c39e90264f33305004495a9","hash":"fb011e81d0c61b4797538c077585743adde40820"}
,"/Users/jen/Websites/Rithm/express-jobly/routes/jobs.js": {"path":"/Users/jen/Websites/Rithm/express-jobly/routes/jobs.js","statementMap":{"0":{"start":{"line":5,"column":19},"end":{"line":5,"column":40}},"1":{"start":{"line":6,"column":16},"end":{"line":6,"column":34}},"2":{"start":{"line":8,"column":28},"end":{"line":8,"column":54}},"3":{"start":{"line":9,"column":42},"end":{"line":9,"column":71}},"4":{"start":{"line":10,"column":12},"end":{"line":10,"column":36}},"5":{"start":{"line":12,"column":21},"end":{"line":12,"column":54}},"6":{"start":{"line":13,"column":24},"end":{"line":13,"column":60}},"7":{"start":{"line":14,"column":24},"end":{"line":14,"column":60}},"8":{"start":{"line":16,"column":15},"end":{"line":16,"column":35}},"9":{"start":{"line":27,"column":1},"end":{"line":41,"column":3}},"10":{"start":{"line":28,"column":20},"end":{"line":32,"column":3}},"11":{"start":{"line":34,"column":2},"end":{"line":37,"column":3}},"12":{"start":{"line":35,"column":17},"end":{"line":35,"column":51}},"13":{"start":{"line":35,"column":43},"end":{"line":35,"column":50}},"14":{"start":{"line":36,"column":4},"end":{"line":36,"column":36}},"15":{"start":{"line":38,"column":14},"end":{"line":38,"column":40}},"16":{"start":{"line":40,"column":2},"end":{"line":40,"column":39}},"17":{"start":{"line":49,"column":1},"end":{"line":83,"column":3}},"18":{"start":{"line":50,"column":18},"end":{"line":50,"column":27}},"19":{"start":{"line":54,"column":2},"end":{"line":80,"column":3}},"20":{"start":{"line":55,"column":4},"end":{"line":55,"column":31}},"21":{"start":{"line":58,"column":4},"end":{"line":60,"column":5}},"22":{"start":{"line":59,"column":6},"end":{"line":59,"column":52}},"23":{"start":{"line":62,"column":4},"end":{"line":64,"column":5}},"24":{"start":{"line":63,"column":6},"end":{"line":63,"column":31}},"25":{"start":{"line":68,"column":22},"end":{"line":72,"column":5}},"26":{"start":{"line":73,"column":4},"end":{"line":76,"column":5}},"27":{"start":{"line":74,"column":19},"end":{"line":74,"column":53}},"28":{"start":{"line":74,"column":45},"end":{"line":74,"column":52}},"29":{"start":{"line":75,"column":6},"end":{"line":75,"column":38}},"30":{"start":{"line":79,"column":4},"end":{"line":79,"column":43}},"31":{"start":{"line":82,"column":4},"end":{"line":82,"column":30}},"32":{"start":{"line":92,"column":1},"end":{"line":95,"column":3}},"33":{"start":{"line":93,"column":14},"end":{"line":93,"column":42}},"34":{"start":{"line":94,"column":2},"end":{"line":94,"column":27}},"35":{"start":{"line":108,"column":1},"end":{"line":121,"column":3}},"36":{"start":{"line":109,"column":20},"end":{"line":113,"column":3}},"37":{"start":{"line":114,"column":2},"end":{"line":117,"column":3}},"38":{"start":{"line":115,"column":17},"end":{"line":115,"column":51}},"39":{"start":{"line":115,"column":43},"end":{"line":115,"column":50}},"40":{"start":{"line":116,"column":4},"end":{"line":116,"column":36}},"41":{"start":{"line":119,"column":14},"end":{"line":119,"column":55}},"42":{"start":{"line":120,"column":2},"end":{"line":120,"column":27}},"43":{"start":{"line":128,"column":1},"end":{"line":131,"column":3}},"44":{"start":{"line":129,"column":2},"end":{"line":129,"column":34}},"45":{"start":{"line":130,"column":2},"end":{"line":130,"column":46}},"46":{"start":{"line":135,"column":0},"end":{"line":135,"column":24}}},"fnMap":{"0":{"name":"(anonymous_0)","decl":{"start":{"line":27,"column":33},"end":{"line":27,"column":34}},"loc":{"start":{"line":27,"column":65},"end":{"line":41,"column":1}},"line":27},"1":{"name":"(anonymous_1)","decl":{"start":{"line":35,"column":38},"end":{"line":35,"column":39}},"loc":{"start":{"line":35,"column":43},"end":{"line":35,"column":50}},"line":35},"2":{"name":"(anonymous_2)","decl":{"start":{"line":49,"column":17},"end":{"line":49,"column":18}},"loc":{"start":{"line":49,"column":49},"end":{"line":83,"column":1}},"line":49},"3":{"name":"(anonymous_3)","decl":{"start":{"line":74,"column":40},"end":{"line":74,"column":41}},"loc":{"start":{"line":74,"column":45},"end":{"line":74,"column":52}},"line":74},"4":{"name":"(anonymous_4)","decl":{"start":{"line":92,"column":20},"end":{"line":92,"column":21}},"loc":{"start":{"line":92,"column":52},"end":{"line":95,"column":1}},"line":92},"5":{"name":"(anonymous_5)","decl":{"start":{"line":108,"column":37},"end":{"line":108,"column":38}},"loc":{"start":{"line":108,"column":69},"end":{"line":121,"column":1}},"line":108},"6":{"name":"(anonymous_6)","decl":{"start":{"line":115,"column":38},"end":{"line":115,"column":39}},"loc":{"start":{"line":115,"column":43},"end":{"line":115,"column":50}},"line":115},"7":{"name":"(anonymous_7)","decl":{"start":{"line":128,"column":38},"end":{"line":128,"column":39}},"loc":{"start":{"line":128,"column":70},"end":{"line":131,"column":1}},"line":128}},"branchMap":{"0":{"loc":{"start":{"line":34,"column":2},"end":{"line":37,"column":3}},"type":"if","locations":[{"start":{"line":34,"column":2},"end":{"line":37,"column":3}},{"start":{},"end":{}}],"line":34},"1":{"loc":{"start":{"line":54,"column":2},"end":{"line":80,"column":3}},"type":"if","locations":[{"start":{"line":54,"column":2},"end":{"line":80,"column":3}},{"start":{"line":56,"column":9},"end":{"line":80,"column":3}}],"line":54},"2":{"loc":{"start":{"line":58,"column":4},"end":{"line":60,"column":5}},"type":"if","locations":[{"start":{"line":58,"column":4},"end":{"line":60,"column":5}},{"start":{},"end":{}}],"line":58},"3":{"loc":{"start":{"line":62,"column":4},"end":{"line":64,"column":5}},"type":"if","locations":[{"start":{"line":62,"column":4},"end":{"line":64,"column":5}},{"start":{},"end":{}}],"line":62},"4":{"loc":{"start":{"line":73,"column":4},"end":{"line":76,"column":5}},"type":"if","locations":[{"start":{"line":73,"column":4},"end":{"line":76,"column":5}},{"start":{},"end":{}}],"line":73},"5":{"loc":{"start":{"line":114,"column":2},"end":{"line":117,"column":3}},"type":"if","locations":[{"start":{"line":114,"column":2},"end":{"line":117,"column":3}},{"start":{},"end":{}}],"line":114}},"s":{"0":5,"1":5,"2":5,"3":5,"4":5,"5":5,"6":5,"7":5,"8":5,"9":5,"10":3,"11":3,"12":2,"13":5,"14":2,"15":1,"16":1,"17":5,"18":6,"19":6,"20":2,"21":4,"22":1,"23":4,"24":1,"25":4,"26":4,"27":1,"28":1,"29":1,"30":3,"31":4,"32":5,"33":2,"34":1,"35":5,"36":4,"37":4,"38":2,"39":2,"40":2,"41":2,"42":1,"43":5,"44":2,"45":1,"46":5},"f":{"0":3,"1":5,"2":6,"3":1,"4":2,"5":4,"6":2,"7":2},"b":{"0":[2,1],"1":[2,4],"2":[1,3],"3":[1,3],"4":[1,3],"5":[2,2]},"_coverageSchema":"1a1c01bbd47fc00a2c39e90264f33305004495a9","hash":"c52c86af04aaa97e32234a0bb2d0dec1c7c0f0fd"}
,"/Users/jen/Websites/Rithm/express-jobly/routes/users.js": {"path":"/Users/jen/Websites/Rithm/express-jobly/routes/users.js","statementMap":{"0":{"start":{"line":5,"column":19},"end":{"line":5,"column":40}},"1":{"start":{"line":7,"column":16},"end":{"line":7,"column":34}},"2":{"start":{"line":8,"column":70},"end":{"line":8,"column":99}},"3":{"start":{"line":9,"column":28},"end":{"line":9,"column":54}},"4":{"start":{"line":10,"column":13},"end":{"line":10,"column":38}},"5":{"start":{"line":11,"column":24},"end":{"line":11,"column":52}},"6":{"start":{"line":12,"column":22},"end":{"line":12,"column":56}},"7":{"start":{"line":13,"column":25},"end":{"line":13,"column":62}},"8":{"start":{"line":15,"column":15},"end":{"line":15,"column":31}},"9":{"start":{"line":30,"column":0},"end":{"line":44,"column":3}},"10":{"start":{"line":31,"column":20},"end":{"line":35,"column":3}},"11":{"start":{"line":36,"column":2},"end":{"line":39,"column":3}},"12":{"start":{"line":37,"column":17},"end":{"line":37,"column":51}},"13":{"start":{"line":37,"column":43},"end":{"line":37,"column":50}},"14":{"start":{"line":38,"column":4},"end":{"line":38,"column":36}},"15":{"start":{"line":41,"column":15},"end":{"line":41,"column":44}},"16":{"start":{"line":42,"column":16},"end":{"line":42,"column":33}},"17":{"start":{"line":43,"column":2},"end":{"line":43,"column":47}},"18":{"start":{"line":54,"column":0},"end":{"line":57,"column":3}},"19":{"start":{"line":55,"column":16},"end":{"line":55,"column":36}},"20":{"start":{"line":56,"column":2},"end":{"line":56,"column":29}},"21":{"start":{"line":67,"column":0},"end":{"line":70,"column":3}},"22":{"start":{"line":68,"column":15},"end":{"line":68,"column":50}},"23":{"start":{"line":69,"column":2},"end":{"line":69,"column":28}},"24":{"start":{"line":83,"column":0},"end":{"line":97,"column":3}},"25":{"start":{"line":85,"column":20},"end":{"line":89,"column":3}},"26":{"start":{"line":90,"column":2},"end":{"line":93,"column":3}},"27":{"start":{"line":91,"column":17},"end":{"line":91,"column":51}},"28":{"start":{"line":91,"column":43},"end":{"line":91,"column":50}},"29":{"start":{"line":92,"column":4},"end":{"line":92,"column":36}},"30":{"start":{"line":95,"column":15},"end":{"line":95,"column":63}},"31":{"start":{"line":96,"column":2},"end":{"line":96,"column":28}},"32":{"start":{"line":105,"column":0},"end":{"line":108,"column":3}},"33":{"start":{"line":106,"column":2},"end":{"line":106,"column":41}},"34":{"start":{"line":107,"column":2},"end":{"line":107,"column":52}},"35":{"start":{"line":111,"column":0},"end":{"line":111,"column":24}}},"fnMap":{"0":{"name":"(anonymous_0)","decl":{"start":{"line":30,"column":32},"end":{"line":30,"column":33}},"loc":{"start":{"line":30,"column":64},"end":{"line":44,"column":1}},"line":30},"1":{"name":"(anonymous_1)","decl":{"start":{"line":37,"column":38},"end":{"line":37,"column":39}},"loc":{"start":{"line":37,"column":43},"end":{"line":37,"column":50}},"line":37},"2":{"name":"(anonymous_2)","decl":{"start":{"line":54,"column":31},"end":{"line":54,"column":32}},"loc":{"start":{"line":54,"column":63},"end":{"line":57,"column":1}},"line":54},"3":{"name":"(anonymous_3)","decl":{"start":{"line":67,"column":53},"end":{"line":67,"column":54}},"loc":{"start":{"line":67,"column":85},"end":{"line":70,"column":1}},"line":67},"4":{"name":"(anonymous_4)","decl":{"start":{"line":83,"column":55},"end":{"line":83,"column":56}},"loc":{"start":{"line":83,"column":87},"end":{"line":97,"column":1}},"line":83},"5":{"name":"(anonymous_5)","decl":{"start":{"line":91,"column":38},"end":{"line":91,"column":39}},"loc":{"start":{"line":91,"column":43},"end":{"line":91,"column":50}},"line":91},"6":{"name":"(anonymous_6)","decl":{"start":{"line":105,"column":56},"end":{"line":105,"column":57}},"loc":{"start":{"line":105,"column":88},"end":{"line":108,"column":1}},"line":105}},"branchMap":{"0":{"loc":{"start":{"line":36,"column":2},"end":{"line":39,"column":3}},"type":"if","locations":[{"start":{"line":36,"column":2},"end":{"line":39,"column":3}},{"start":{},"end":{}}],"line":36},"1":{"loc":{"start":{"line":90,"column":2},"end":{"line":93,"column":3}},"type":"if","locations":[{"start":{"line":90,"column":2},"end":{"line":93,"column":3}},{"start":{},"end":{}}],"line":90}},"s":{"0":5,"1":5,"2":5,"3":5,"4":5,"5":5,"6":5,"7":5,"8":5,"9":5,"10":4,"11":4,"12":2,"13":5,"14":2,"15":2,"16":2,"17":2,"18":5,"19":2,"20":1,"21":5,"22":3,"23":2,"24":5,"25":5,"26":5,"27":1,"28":1,"29":1,"30":4,"31":3,"32":5,"33":3,"34":2,"35":5},"f":{"0":4,"1":5,"2":2,"3":3,"4":5,"5":1,"6":3},"b":{"0":[2,2],"1":[1,4]},"_coverageSchema":"1a1c01bbd47fc00a2c39e90264f33305004495a9","hash":"81354240531f4030ee7f364cdc188b174ba32bb8"}
}
