{"/Users/ashleymathew/rithm/exercises/Week 7/express-jobly/models/_testCommon.js": {"path":"/Users/ashleymathew/rithm/exercises/Week 7/express-jobly/models/_testCommon.js","statementMap":{"0":{"start":{"line":1,"column":15},"end":{"line":1,"column":32}},"1":{"start":{"line":3,"column":11},"end":{"line":3,"column":30}},"2":{"start":{"line":4,"column":31},"end":{"line":4,"column":51}},"3":{"start":{"line":8,"column":2},"end":{"line":8,"column":42}},"4":{"start":{"line":10,"column":2},"end":{"line":10,"column":38}},"5":{"start":{"line":12,"column":2},"end":{"line":12,"column":37}},"6":{"start":{"line":14,"column":2},"end":{"line":14,"column":59}},"7":{"start":{"line":16,"column":2},"end":{"line":20,"column":55}},"8":{"start":{"line":22,"column":2},"end":{"line":34,"column":9}},"9":{"start":{"line":36,"column":2},"end":{"line":40,"column":41}},"10":{"start":{"line":44,"column":2},"end":{"line":44,"column":26}},"11":{"start":{"line":48,"column":2},"end":{"line":48,"column":29}},"12":{"start":{"line":52,"column":2},"end":{"line":52,"column":17}},"13":{"start":{"line":56,"column":0},"end":{"line":61,"column":2}}},"fnMap":{"0":{"name":"commonBeforeAll","decl":{"start":{"line":6,"column":15},"end":{"line":6,"column":30}},"loc":{"start":{"line":6,"column":33},"end":{"line":41,"column":1}},"line":6},"1":{"name":"commonBeforeEach","decl":{"start":{"line":43,"column":15},"end":{"line":43,"column":31}},"loc":{"start":{"line":43,"column":34},"end":{"line":45,"column":1}},"line":43},"2":{"name":"commonAfterEach","decl":{"start":{"line":47,"column":15},"end":{"line":47,"column":30}},"loc":{"start":{"line":47,"column":33},"end":{"line":49,"column":1}},"line":47},"3":{"name":"commonAfterAll","decl":{"start":{"line":51,"column":15},"end":{"line":51,"column":29}},"loc":{"start":{"line":51,"column":32},"end":{"line":53,"column":1}},"line":51}},"branchMap":{},"s":{"0":3,"1":3,"2":3,"3":3,"4":3,"5":3,"6":3,"7":3,"8":3,"9":3,"10":40,"11":40,"12":3,"13":3},"f":{"0":3,"1":40,"2":40,"3":3},"b":{},"_coverageSchema":"1a1c01bbd47fc00a2c39e90264f33305004495a9","hash":"aac60cd507cf90531a8fa569d421ea59e9960ab9"}
,"/Users/ashleymathew/rithm/exercises/Week 7/express-jobly/models/company.js": {"path":"/Users/ashleymathew/rithm/exercises/Week 7/express-jobly/models/company.js","statementMap":{"0":{"start":{"line":3,"column":11},"end":{"line":3,"column":27}},"1":{"start":{"line":4,"column":43},"end":{"line":4,"column":69}},"2":{"start":{"line":5,"column":32},"end":{"line":5,"column":57}},"3":{"start":{"line":20,"column":27},"end":{"line":24,"column":15}},"4":{"start":{"line":26,"column":4},"end":{"line":27,"column":64}},"5":{"start":{"line":27,"column":6},"end":{"line":27,"column":64}},"6":{"start":{"line":29,"column":19},"end":{"line":46,"column":5}},"7":{"start":{"line":47,"column":20},"end":{"line":47,"column":34}},"8":{"start":{"line":49,"column":4},"end":{"line":49,"column":19}},"9":{"start":{"line":58,"column":25},"end":{"line":65,"column":26}},"10":{"start":{"line":66,"column":4},"end":{"line":66,"column":29}},"11":{"start":{"line":77,"column":39},"end":{"line":77,"column":77}},"12":{"start":{"line":79,"column":25},"end":{"line":87,"column":29}},"13":{"start":{"line":89,"column":4},"end":{"line":89,"column":29}},"14":{"start":{"line":102,"column":25},"end":{"line":102,"column":27}},"15":{"start":{"line":103,"column":19},"end":{"line":103,"column":21}},"16":{"start":{"line":105,"column":4},"end":{"line":107,"column":5}},"17":{"start":{"line":106,"column":6},"end":{"line":106,"column":81}},"18":{"start":{"line":109,"column":4},"end":{"line":112,"column":5}},"19":{"start":{"line":110,"column":6},"end":{"line":110,"column":39}},"20":{"start":{"line":111,"column":6},"end":{"line":111,"column":56}},"21":{"start":{"line":113,"column":4},"end":{"line":116,"column":5}},"22":{"start":{"line":114,"column":6},"end":{"line":114,"column":40}},"23":{"start":{"line":115,"column":6},"end":{"line":115,"column":62}},"24":{"start":{"line":118,"column":4},"end":{"line":121,"column":5}},"25":{"start":{"line":119,"column":6},"end":{"line":119,"column":40}},"26":{"start":{"line":120,"column":6},"end":{"line":120,"column":62}},"27":{"start":{"line":123,"column":27},"end":{"line":123,"column":53}},"28":{"start":{"line":125,"column":4},"end":{"line":125,"column":38}},"29":{"start":{"line":138,"column":23},"end":{"line":146,"column":15}},"30":{"start":{"line":148,"column":20},"end":{"line":148,"column":38}},"31":{"start":{"line":150,"column":4},"end":{"line":150,"column":67}},"32":{"start":{"line":150,"column":18},"end":{"line":150,"column":67}},"33":{"start":{"line":152,"column":4},"end":{"line":152,"column":19}},"34":{"start":{"line":168,"column":32},"end":{"line":173,"column":8}},"35":{"start":{"line":174,"column":25},"end":{"line":174,"column":50}},"36":{"start":{"line":176,"column":21},"end":{"line":180,"column":100}},"37":{"start":{"line":181,"column":19},"end":{"line":181,"column":64}},"38":{"start":{"line":182,"column":20},"end":{"line":182,"column":34}},"39":{"start":{"line":184,"column":4},"end":{"line":184,"column":67}},"40":{"start":{"line":184,"column":18},"end":{"line":184,"column":67}},"41":{"start":{"line":186,"column":4},"end":{"line":186,"column":19}},"42":{"start":{"line":195,"column":19},"end":{"line":200,"column":15}},"43":{"start":{"line":201,"column":20},"end":{"line":201,"column":34}},"44":{"start":{"line":203,"column":4},"end":{"line":203,"column":67}},"45":{"start":{"line":203,"column":18},"end":{"line":203,"column":67}},"46":{"start":{"line":208,"column":0},"end":{"line":208,"column":25}}},"fnMap":{"0":{"name":"(anonymous_0)","decl":{"start":{"line":19,"column":2},"end":{"line":19,"column":3}},"loc":{"start":{"line":19,"column":76},"end":{"line":50,"column":3}},"line":19},"1":{"name":"(anonymous_1)","decl":{"start":{"line":57,"column":2},"end":{"line":57,"column":3}},"loc":{"start":{"line":57,"column":25},"end":{"line":67,"column":3}},"line":57},"2":{"name":"(anonymous_2)","decl":{"start":{"line":75,"column":2},"end":{"line":75,"column":3}},"loc":{"start":{"line":75,"column":37},"end":{"line":90,"column":3}},"line":75},"3":{"name":"(anonymous_3)","decl":{"start":{"line":100,"column":2},"end":{"line":100,"column":3}},"loc":{"start":{"line":100,"column":40},"end":{"line":127,"column":3}},"line":100},"4":{"name":"(anonymous_4)","decl":{"start":{"line":137,"column":2},"end":{"line":137,"column":3}},"loc":{"start":{"line":137,"column":27},"end":{"line":153,"column":3}},"line":137},"5":{"name":"(anonymous_5)","decl":{"start":{"line":167,"column":2},"end":{"line":167,"column":3}},"loc":{"start":{"line":167,"column":36},"end":{"line":187,"column":3}},"line":167},"6":{"name":"(anonymous_6)","decl":{"start":{"line":194,"column":2},"end":{"line":194,"column":3}},"loc":{"start":{"line":194,"column":30},"end":{"line":204,"column":3}},"line":194}},"branchMap":{"0":{"loc":{"start":{"line":26,"column":4},"end":{"line":27,"column":64}},"type":"if","locations":[{"start":{"line":26,"column":4},"end":{"line":27,"column":64}},{"start":{},"end":{}}],"line":26},"1":{"loc":{"start":{"line":105,"column":4},"end":{"line":107,"column":5}},"type":"if","locations":[{"start":{"line":105,"column":4},"end":{"line":107,"column":5}},{"start":{},"end":{}}],"line":105},"2":{"loc":{"start":{"line":109,"column":4},"end":{"line":112,"column":5}},"type":"if","locations":[{"start":{"line":109,"column":4},"end":{"line":112,"column":5}},{"start":{},"end":{}}],"line":109},"3":{"loc":{"start":{"line":113,"column":4},"end":{"line":116,"column":5}},"type":"if","locations":[{"start":{"line":113,"column":4},"end":{"line":116,"column":5}},{"start":{},"end":{}}],"line":113},"4":{"loc":{"start":{"line":118,"column":4},"end":{"line":121,"column":5}},"type":"if","locations":[{"start":{"line":118,"column":4},"end":{"line":121,"column":5}},{"start":{},"end":{}}],"line":118},"5":{"loc":{"start":{"line":150,"column":4},"end":{"line":150,"column":67}},"type":"if","locations":[{"start":{"line":150,"column":4},"end":{"line":150,"column":67}},{"start":{},"end":{}}],"line":150},"6":{"loc":{"start":{"line":184,"column":4},"end":{"line":184,"column":67}},"type":"if","locations":[{"start":{"line":184,"column":4},"end":{"line":184,"column":67}},{"start":{},"end":{}}],"line":184},"7":{"loc":{"start":{"line":203,"column":4},"end":{"line":203,"column":67}},"type":"if","locations":[{"start":{"line":203,"column":4},"end":{"line":203,"column":67}},{"start":{},"end":{}}],"line":203}},"s":{"0":5,"1":5,"2":5,"3":13,"4":13,"5":1,"6":12,"7":12,"8":12,"9":3,"10":2,"11":5,"12":4,"13":4,"14":6,"15":6,"16":6,"17":1,"18":5,"19":3,"20":3,"21":5,"22":4,"23":4,"24":5,"25":2,"26":2,"27":5,"28":5,"29":5,"30":5,"31":5,"32":2,"33":3,"34":6,"35":5,"36":5,"37":5,"38":5,"39":5,"40":2,"41":3,"42":4,"43":4,"44":4,"45":2,"46":5},"f":{"0":13,"1":3,"2":5,"3":6,"4":5,"5":6,"6":4},"b":{"0":[1,12],"1":[1,5],"2":[3,2],"3":[4,1],"4":[2,3],"5":[2,3],"6":[2,3],"7":[2,2]},"_coverageSchema":"1a1c01bbd47fc00a2c39e90264f33305004495a9","hash":"ae218f6a2d7abdf1de4dc91605561403a8a3e122"}
,"/Users/ashleymathew/rithm/exercises/Week 7/express-jobly/models/job.js": {"path":"/Users/ashleymathew/rithm/exercises/Week 7/express-jobly/models/job.js","statementMap":{"0":{"start":{"line":3,"column":11},"end":{"line":3,"column":27}},"1":{"start":{"line":4,"column":43},"end":{"line":4,"column":69}},"2":{"start":{"line":5,"column":32},"end":{"line":5,"column":57}},"3":{"start":{"line":20,"column":19},"end":{"line":35,"column":5}},"4":{"start":{"line":36,"column":16},"end":{"line":36,"column":30}},"5":{"start":{"line":38,"column":4},"end":{"line":38,"column":15}},"6":{"start":{"line":47,"column":20},"end":{"line":54,"column":24}},"7":{"start":{"line":55,"column":4},"end":{"line":55,"column":24}},"8":{"start":{"line":66,"column":19},"end":{"line":74,"column":11}},"9":{"start":{"line":76,"column":16},"end":{"line":76,"column":30}},"10":{"start":{"line":77,"column":4},"end":{"line":77,"column":55}},"11":{"start":{"line":77,"column":14},"end":{"line":77,"column":55}},"12":{"start":{"line":79,"column":4},"end":{"line":79,"column":15}},"13":{"start":{"line":95,"column":32},"end":{"line":99,"column":8}},"14":{"start":{"line":100,"column":21},"end":{"line":100,"column":46}},"15":{"start":{"line":102,"column":21},"end":{"line":106,"column":79}},"16":{"start":{"line":107,"column":19},"end":{"line":107,"column":60}},"17":{"start":{"line":108,"column":16},"end":{"line":108,"column":30}},"18":{"start":{"line":110,"column":4},"end":{"line":110,"column":55}},"19":{"start":{"line":110,"column":14},"end":{"line":110,"column":55}},"20":{"start":{"line":112,"column":4},"end":{"line":112,"column":15}},"21":{"start":{"line":121,"column":21},"end":{"line":126,"column":13}},"22":{"start":{"line":127,"column":18},"end":{"line":127,"column":32}},"23":{"start":{"line":129,"column":6},"end":{"line":129,"column":57}},"24":{"start":{"line":129,"column":16},"end":{"line":129,"column":57}},"25":{"start":{"line":134,"column":0},"end":{"line":134,"column":21}}},"fnMap":{"0":{"name":"(anonymous_0)","decl":{"start":{"line":18,"column":3},"end":{"line":18,"column":4}},"loc":{"start":{"line":18,"column":65},"end":{"line":39,"column":3}},"line":18},"1":{"name":"(anonymous_1)","decl":{"start":{"line":46,"column":3},"end":{"line":46,"column":4}},"loc":{"start":{"line":46,"column":26},"end":{"line":56,"column":3}},"line":46},"2":{"name":"(anonymous_2)","decl":{"start":{"line":65,"column":3},"end":{"line":65,"column":4}},"loc":{"start":{"line":65,"column":24},"end":{"line":80,"column":3}},"line":65},"3":{"name":"(anonymous_3)","decl":{"start":{"line":94,"column":3},"end":{"line":94,"column":4}},"loc":{"start":{"line":94,"column":33},"end":{"line":113,"column":3}},"line":94},"4":{"name":"(anonymous_4)","decl":{"start":{"line":120,"column":5},"end":{"line":120,"column":6}},"loc":{"start":{"line":120,"column":29},"end":{"line":130,"column":5}},"line":120}},"branchMap":{"0":{"loc":{"start":{"line":77,"column":4},"end":{"line":77,"column":55}},"type":"if","locations":[{"start":{"line":77,"column":4},"end":{"line":77,"column":55}},{"start":{},"end":{}}],"line":77},"1":{"loc":{"start":{"line":110,"column":4},"end":{"line":110,"column":55}},"type":"if","locations":[{"start":{"line":110,"column":4},"end":{"line":110,"column":55}},{"start":{},"end":{}}],"line":110},"2":{"loc":{"start":{"line":129,"column":6},"end":{"line":129,"column":57}},"type":"if","locations":[{"start":{"line":129,"column":6},"end":{"line":129,"column":57}},{"start":{},"end":{}}],"line":129}},"s":{"0":1,"1":1,"2":1,"3":1,"4":1,"5":1,"6":1,"7":1,"8":2,"9":2,"10":2,"11":1,"12":1,"13":4,"14":3,"15":3,"16":3,"17":3,"18":3,"19":1,"20":2,"21":2,"22":2,"23":2,"24":1,"25":1},"f":{"0":1,"1":1,"2":2,"3":4,"4":2},"b":{"0":[1,1],"1":[1,2],"2":[1,1]},"_coverageSchema":"1a1c01bbd47fc00a2c39e90264f33305004495a9","hash":"385c1aba02b1f00740b0b9e69de59fd08de40ed4"}
,"/Users/ashleymathew/rithm/exercises/Week 7/express-jobly/models/user.js": {"path":"/Users/ashleymathew/rithm/exercises/Week 7/express-jobly/models/user.js","statementMap":{"0":{"start":{"line":3,"column":11},"end":{"line":3,"column":27}},"1":{"start":{"line":4,"column":15},"end":{"line":4,"column":32}},"2":{"start":{"line":5,"column":32},"end":{"line":5,"column":57}},"3":{"start":{"line":10,"column":4},"end":{"line":10,"column":30}},"4":{"start":{"line":12,"column":31},"end":{"line":12,"column":54}},"5":{"start":{"line":26,"column":19},"end":{"line":36,"column":5}},"6":{"start":{"line":38,"column":17},"end":{"line":38,"column":31}},"7":{"start":{"line":40,"column":4},"end":{"line":47,"column":5}},"8":{"start":{"line":42,"column":22},"end":{"line":42,"column":67}},"9":{"start":{"line":43,"column":6},"end":{"line":46,"column":7}},"10":{"start":{"line":44,"column":8},"end":{"line":44,"column":29}},"11":{"start":{"line":45,"column":8},"end":{"line":45,"column":20}},"12":{"start":{"line":49,"column":4},"end":{"line":49,"column":61}},"13":{"start":{"line":61,"column":27},"end":{"line":66,"column":5}},"14":{"start":{"line":68,"column":4},"end":{"line":70,"column":5}},"15":{"start":{"line":69,"column":6},"end":{"line":69,"column":67}},"16":{"start":{"line":72,"column":27},"end":{"line":72,"column":74}},"17":{"start":{"line":74,"column":19},"end":{"line":92,"column":5}},"18":{"start":{"line":94,"column":17},"end":{"line":94,"column":31}},"19":{"start":{"line":96,"column":4},"end":{"line":96,"column":16}},"20":{"start":{"line":105,"column":19},"end":{"line":113,"column":5}},"21":{"start":{"line":115,"column":4},"end":{"line":115,"column":23}},"22":{"start":{"line":127,"column":20},"end":{"line":136,"column":5}},"23":{"start":{"line":138,"column":17},"end":{"line":138,"column":32}},"24":{"start":{"line":140,"column":4},"end":{"line":140,"column":63}},"25":{"start":{"line":140,"column":15},"end":{"line":140,"column":63}},"26":{"start":{"line":142,"column":4},"end":{"line":142,"column":16}},"27":{"start":{"line":163,"column":4},"end":{"line":165,"column":5}},"28":{"start":{"line":164,"column":6},"end":{"line":164,"column":75}},"29":{"start":{"line":167,"column":32},"end":{"line":173,"column":8}},"30":{"start":{"line":174,"column":4},"end":{"line":174,"column":48}},"31":{"start":{"line":175,"column":27},"end":{"line":175,"column":52}},"32":{"start":{"line":177,"column":21},"end":{"line":184,"column":54}},"33":{"start":{"line":185,"column":19},"end":{"line":185,"column":66}},"34":{"start":{"line":186,"column":17},"end":{"line":186,"column":31}},"35":{"start":{"line":188,"column":4},"end":{"line":188,"column":63}},"36":{"start":{"line":188,"column":15},"end":{"line":188,"column":63}},"37":{"start":{"line":190,"column":4},"end":{"line":190,"column":25}},"38":{"start":{"line":191,"column":4},"end":{"line":191,"column":16}},"39":{"start":{"line":197,"column":17},"end":{"line":203,"column":5}},"40":{"start":{"line":204,"column":17},"end":{"line":204,"column":31}},"41":{"start":{"line":206,"column":4},"end":{"line":206,"column":63}},"42":{"start":{"line":206,"column":15},"end":{"line":206,"column":63}},"43":{"start":{"line":211,"column":0},"end":{"line":211,"column":22}}},"fnMap":{"0":{"name":"(anonymous_0)","decl":{"start":{"line":24,"column":2},"end":{"line":24,"column":3}},"loc":{"start":{"line":24,"column":48},"end":{"line":50,"column":3}},"line":24},"1":{"name":"(anonymous_1)","decl":{"start":{"line":59,"column":2},"end":{"line":59,"column":3}},"loc":{"start":{"line":60,"column":65},"end":{"line":97,"column":3}},"line":60},"2":{"name":"(anonymous_2)","decl":{"start":{"line":104,"column":2},"end":{"line":104,"column":3}},"loc":{"start":{"line":104,"column":25},"end":{"line":116,"column":3}},"line":104},"3":{"name":"(anonymous_3)","decl":{"start":{"line":126,"column":2},"end":{"line":126,"column":3}},"loc":{"start":{"line":126,"column":29},"end":{"line":143,"column":3}},"line":126},"4":{"name":"(anonymous_4)","decl":{"start":{"line":162,"column":2},"end":{"line":162,"column":3}},"loc":{"start":{"line":162,"column":38},"end":{"line":192,"column":3}},"line":162},"5":{"name":"(anonymous_5)","decl":{"start":{"line":196,"column":2},"end":{"line":196,"column":3}},"loc":{"start":{"line":196,"column":32},"end":{"line":207,"column":3}},"line":196}},"branchMap":{"0":{"loc":{"start":{"line":40,"column":4},"end":{"line":47,"column":5}},"type":"if","locations":[{"start":{"line":40,"column":4},"end":{"line":47,"column":5}},{"start":{},"end":{}}],"line":40},"1":{"loc":{"start":{"line":43,"column":6},"end":{"line":46,"column":7}},"type":"if","locations":[{"start":{"line":43,"column":6},"end":{"line":46,"column":7}},{"start":{},"end":{}}],"line":43},"2":{"loc":{"start":{"line":68,"column":4},"end":{"line":70,"column":5}},"type":"if","locations":[{"start":{"line":68,"column":4},"end":{"line":70,"column":5}},{"start":{},"end":{}}],"line":68},"3":{"loc":{"start":{"line":90,"column":8},"end":{"line":90,"column":24}},"type":"binary-expr","locations":[{"start":{"line":90,"column":8},"end":{"line":90,"column":15}},{"start":{"line":90,"column":19},"end":{"line":90,"column":24}}],"line":90},"4":{"loc":{"start":{"line":140,"column":4},"end":{"line":140,"column":63}},"type":"if","locations":[{"start":{"line":140,"column":4},"end":{"line":140,"column":63}},{"start":{},"end":{}}],"line":140},"5":{"loc":{"start":{"line":163,"column":4},"end":{"line":165,"column":5}},"type":"if","locations":[{"start":{"line":163,"column":4},"end":{"line":165,"column":5}},{"start":{},"end":{}}],"line":163},"6":{"loc":{"start":{"line":188,"column":4},"end":{"line":188,"column":63}},"type":"if","locations":[{"start":{"line":188,"column":4},"end":{"line":188,"column":63}},{"start":{},"end":{}}],"line":188},"7":{"loc":{"start":{"line":206,"column":4},"end":{"line":206,"column":63}},"type":"if","locations":[{"start":{"line":206,"column":4},"end":{"line":206,"column":63}},{"start":{},"end":{}}],"line":206}},"s":{"0":5,"1":5,"2":5,"3":5,"4":5,"5":7,"6":7,"7":7,"8":4,"9":4,"10":3,"11":3,"12":4,"13":19,"14":19,"15":1,"16":18,"17":18,"18":18,"19":18,"20":3,"21":2,"22":5,"23":5,"24":5,"25":2,"26":3,"27":8,"28":2,"29":8,"30":7,"31":7,"32":7,"33":7,"34":7,"35":7,"36":2,"37":5,"38":5,"39":5,"40":5,"41":5,"42":2,"43":5},"f":{"0":7,"1":19,"2":3,"3":5,"4":8,"5":5},"b":{"0":[4,3],"1":[3,1],"2":[1,18],"3":[18,13],"4":[2,3],"5":[2,6],"6":[2,5],"7":[2,3]},"_coverageSchema":"1a1c01bbd47fc00a2c39e90264f33305004495a9","hash":"e784b14ec034070c9c48b59fd8f4576ad12cbf0b"}
}
