TN:
SF:app.js
FN:30,(anonymous_0)
FN:35,(anonymous_1)
FNF:2
FNH:2
FNDA:2,(anonymous_0)
FNDA:39,(anonymous_1)
DA:5,4
DA:6,4
DA:8,4
DA:10,4
DA:11,4
DA:12,4
DA:13,4
DA:15,4
DA:17,4
DA:19,4
DA:20,4
DA:21,4
DA:22,4
DA:24,4
DA:25,4
DA:26,4
DA:30,4
DA:31,2
DA:35,4
DA:36,39
DA:37,39
DA:38,39
DA:40,39
DA:45,4
LF:24
LH:24
BRDA:36,0,0,1
BRDA:36,0,1,38
BRDA:37,1,0,39
BRDA:37,1,1,2
BRF:4
BRH:4
end_of_record
TN:
SF:config.js
FN:13,getDatabaseUri
FNF:1
FNH:1
FNDA:18,getDatabaseUri
DA:5,9
DA:6,9
DA:8,9
DA:10,9
DA:14,18
DA:22,9
DA:24,9
DA:25,9
DA:26,9
DA:27,9
DA:28,9
DA:29,9
DA:31,9
LF:13
LH:13
BRDA:8,0,0,9
BRDA:8,0,1,8
BRDA:10,1,0,9
BRDA:10,1,1,8
BRDA:14,2,0,15
BRDA:14,2,1,3
BRDA:16,3,0,3
BRDA:16,3,1,1
BRDA:22,4,0,8
BRDA:22,4,1,1
BRF:10
BRH:10
end_of_record
TN:
SF:db.js
FNF:0
FNH:0
DA:5,6
DA:6,6
DA:8,6
DA:12,6
DA:14,6
LF:5
LH:5
BRF:0
BRH:0
end_of_record
TN:
SF:expressError.js
FN:8,(anonymous_0)
FN:18,(anonymous_1)
FN:26,(anonymous_2)
FN:34,(anonymous_3)
FN:42,(anonymous_4)
FNF:5
FNH:4
FNDA:57,(anonymous_0)
FNDA:14,(anonymous_1)
FNDA:24,(anonymous_2)
FNDA:19,(anonymous_3)
FNDA:0,(anonymous_4)
DA:9,57
DA:10,57
DA:11,57
DA:19,14
DA:27,24
DA:35,19
DA:43,0
DA:47,8
LF:8
LH:7
BRDA:18,0,0,2
BRDA:26,1,0,20
BRDA:34,2,0,0
BRDA:42,3,0,0
BRF:4
BRH:2
end_of_record
TN:
SF:helpers/sql.js
FN:18,sqlForPartialUpdate
FN:24,(anonymous_1)
FNF:2
FNH:2
FNDA:16,sqlForPartialUpdate
FNDA:26,(anonymous_1)
DA:1,7
DA:20,16
DA:21,16
DA:24,13
DA:25,26
DA:28,13
DA:35,7
LF:7
LH:7
BRDA:21,0,0,3
BRDA:21,0,1,13
BRDA:25,1,0,26
BRDA:25,1,1,12
BRF:4
BRH:4
end_of_record
TN:
SF:helpers/tokens.js
FN:6,createToken
FNF:1
FNH:1
FNDA:16,createToken
DA:1,5
DA:2,5
DA:7,16
DA:10,16
DA:15,16
DA:18,5
LF:6
LH:6
BRDA:12,0,0,16
BRDA:12,0,1,11
BRF:2
BRH:2
end_of_record
TN:
SF:middleware/auth.js
FN:18,authenticateJWT
FN:36,ensureLoggedIn
FN:44,ensureIsAdmin
FN:56,ensureIsCorrectUserOrAdmin
FNF:4
FNH:4
FNDA:62,authenticateJWT
FNDA:2,ensureLoggedIn
FNDA:27,ensureIsAdmin
FNDA:21,ensureIsCorrectUserOrAdmin
DA:5,5
DA:6,5
DA:7,5
DA:19,62
DA:20,62
DA:21,62
DA:22,37
DA:23,37
DA:25,61
DA:27,1
DA:37,2
DA:38,1
DA:46,27
DA:47,11
DA:49,16
DA:57,21
DA:59,21
DA:60,4
DA:63,17
DA:64,4
DA:67,13
DA:70,5
LF:22
LH:22
BRDA:20,0,0,62
BRDA:20,0,1,61
BRDA:21,1,0,37
BRDA:21,1,1,25
BRDA:37,2,0,1
BRDA:37,2,1,1
BRDA:46,3,0,11
BRDA:46,3,1,16
BRDA:46,4,0,27
BRDA:46,4,1,22
BRDA:59,5,0,4
BRDA:59,5,1,17
BRDA:63,6,0,4
BRDA:63,6,1,13
BRDA:63,7,0,17
BRDA:63,7,1,9
BRF:16
BRH:16
end_of_record
TN:
SF:models/_testCommon.js
FN:6,commonBeforeAll
FN:33,commonBeforeEach
FN:37,commonAfterEach
FN:41,commonAfterAll
FNF:4
FNH:4
FNDA:2,commonBeforeAll
FNDA:30,commonBeforeEach
FNDA:30,commonAfterEach
FNDA:2,commonAfterAll
DA:1,2
DA:3,2
DA:4,2
DA:8,2
DA:10,2
DA:12,2
DA:18,2
DA:34,30
DA:38,30
DA:42,2
DA:46,2
LF:11
LH:11
BRF:0
BRH:0
end_of_record
TN:
SF:models/company.js
FN:19,(anonymous_0)
FN:57,(anonymous_1)
FN:75,(anonymous_2)
FN:100,(anonymous_3)
FN:137,(anonymous_4)
FN:167,(anonymous_5)
FN:194,(anonymous_6)
FNF:7
FNH:7
FNDA:13,(anonymous_0)
FNDA:3,(anonymous_1)
FNDA:5,(anonymous_2)
FNDA:6,(anonymous_3)
FNDA:5,(anonymous_4)
FNDA:6,(anonymous_5)
FNDA:4,(anonymous_6)
DA:3,5
DA:4,5
DA:5,5
DA:20,13
DA:26,13
DA:27,1
DA:29,12
DA:47,12
DA:49,12
DA:58,3
DA:66,2
DA:77,5
DA:79,4
DA:89,4
DA:102,6
DA:103,6
DA:105,6
DA:106,1
DA:109,5
DA:110,3
DA:111,3
DA:113,5
DA:114,4
DA:115,4
DA:118,5
DA:119,2
DA:120,2
DA:123,5
DA:125,5
DA:138,5
DA:148,5
DA:150,5
DA:152,3
DA:168,6
DA:174,5
DA:176,5
DA:181,5
DA:182,5
DA:184,5
DA:186,3
DA:195,4
DA:201,4
DA:203,4
DA:208,5
LF:44
LH:44
BRDA:26,0,0,1
BRDA:26,0,1,12
BRDA:105,1,0,1
BRDA:105,1,1,5
BRDA:109,2,0,3
BRDA:109,2,1,2
BRDA:113,3,0,4
BRDA:113,3,1,1
BRDA:118,4,0,2
BRDA:118,4,1,3
BRDA:150,5,0,2
BRDA:150,5,1,3
BRDA:184,6,0,2
BRDA:184,6,1,3
BRDA:203,7,0,2
BRDA:203,7,1,2
BRF:16
BRH:16
end_of_record
TN:
SF:models/user.js
FN:24,(anonymous_0)
FN:59,(anonymous_1)
FN:104,(anonymous_2)
FN:126,(anonymous_3)
FN:162,(anonymous_4)
FN:196,(anonymous_5)
FNF:6
FNH:6
FNDA:7,(anonymous_0)
FNDA:19,(anonymous_1)
FNDA:3,(anonymous_2)
FNDA:5,(anonymous_3)
FNDA:8,(anonymous_4)
FNDA:5,(anonymous_5)
DA:3,5
DA:4,5
DA:5,5
DA:10,5
DA:12,5
DA:26,7
DA:38,7
DA:40,7
DA:42,4
DA:43,4
DA:44,3
DA:45,3
DA:49,4
DA:61,19
DA:68,19
DA:69,1
DA:72,18
DA:74,18
DA:94,18
DA:96,18
DA:105,3
DA:115,2
DA:127,5
DA:138,5
DA:140,5
DA:142,3
DA:163,8
DA:164,2
DA:167,8
DA:174,7
DA:175,7
DA:177,7
DA:185,7
DA:186,7
DA:188,7
DA:190,5
DA:191,5
DA:197,5
DA:204,5
DA:206,5
DA:211,5
LF:41
LH:41
BRDA:40,0,0,4
BRDA:40,0,1,3
BRDA:43,1,0,3
BRDA:43,1,1,1
BRDA:68,2,0,1
BRDA:68,2,1,18
BRDA:90,3,0,18
BRDA:90,3,1,13
BRDA:140,4,0,2
BRDA:140,4,1,3
BRDA:163,5,0,2
BRDA:163,5,1,6
BRDA:188,6,0,2
BRDA:188,6,1,5
BRDA:206,7,0,2
BRDA:206,7,1,3
BRF:16
BRH:16
end_of_record
TN:
SF:routes/_testCommon.js
FN:8,commonBeforeAll
FN:73,commonBeforeEach
FN:77,commonAfterEach
FN:81,commonAfterAll
FNF:4
FNH:4
FNDA:3,commonBeforeAll
FNDA:57,commonBeforeEach
FNDA:57,commonAfterEach
FNDA:3,commonAfterAll
DA:3,3
DA:4,3
DA:5,3
DA:6,3
DA:10,3
DA:12,3
DA:14,3
DA:22,3
DA:30,3
DA:39,3
DA:47,3
DA:55,3
DA:63,3
DA:74,57
DA:78,57
DA:82,3
DA:86,3
DA:87,3
DA:88,3
DA:91,3
LF:20
LH:20
BRF:0
BRH:0
end_of_record
TN:
SF:routes/auth.js
FN:22,(anonymous_0)
FN:29,(anonymous_1)
FN:49,(anonymous_2)
FN:56,(anonymous_3)
FNF:4
FNH:4
FNDA:5,(anonymous_0)
FNDA:2,(anonymous_1)
FNDA:3,(anonymous_2)
FNDA:5,(anonymous_3)
DA:5,4
DA:7,4
DA:8,4
DA:9,4
DA:10,4
DA:11,4
DA:12,4
DA:13,4
DA:22,4
DA:23,5
DA:28,5
DA:29,2
DA:30,2
DA:33,3
DA:34,3
DA:35,1
DA:36,1
DA:49,4
DA:50,3
DA:55,3
DA:56,5
DA:57,2
DA:60,1
DA:61,1
DA:62,1
DA:66,4
LF:26
LH:26
BRDA:28,0,0,2
BRDA:28,0,1,3
BRDA:55,1,0,2
BRDA:55,1,1,1
BRF:4
BRH:4
end_of_record
TN:
SF:routes/companies.js
FN:28,(anonymous_0)
FN:35,(anonymous_1)
FN:54,(anonymous_2)
FN:78,(anonymous_3)
FN:99,(anonymous_4)
FN:115,(anonymous_5)
FN:122,(anonymous_6)
FN:135,(anonymous_7)
FNF:8
FNH:8
FNDA:3,(anonymous_0)
FNDA:3,(anonymous_1)
FNDA:5,(anonymous_2)
FNDA:1,(anonymous_3)
FNDA:3,(anonymous_4)
FNDA:4,(anonymous_5)
FNDA:2,(anonymous_6)
FNDA:2,(anonymous_7)
DA:5,4
DA:6,4
DA:8,4
DA:9,4
DA:10,4
DA:12,4
DA:13,4
DA:14,4
DA:16,4
DA:28,4
DA:29,3
DA:34,3
DA:35,3
DA:36,2
DA:39,1
DA:40,1
DA:54,4
DA:55,5
DA:59,5
DA:60,2
DA:63,3
DA:64,1
DA:67,3
DA:68,1
DA:72,3
DA:77,3
DA:78,1
DA:79,1
DA:83,2
DA:86,3
DA:99,4
DA:100,3
DA:101,2
DA:115,4
DA:116,4
DA:121,4
DA:122,2
DA:123,2
DA:126,2
DA:127,1
DA:135,4
DA:136,2
DA:137,1
DA:141,4
LF:44
LH:44
BRDA:34,0,0,2
BRDA:34,0,1,1
BRDA:59,1,0,2
BRDA:59,1,1,3
BRDA:63,2,0,1
BRDA:63,2,1,2
BRDA:67,3,0,1
BRDA:67,3,1,2
BRDA:77,4,0,1
BRDA:77,4,1,2
BRDA:121,5,0,2
BRDA:121,5,1,2
BRF:12
BRH:12
end_of_record
TN:
SF:routes/users.js
FN:30,(anonymous_0)
FN:37,(anonymous_1)
FN:54,(anonymous_2)
FN:67,(anonymous_3)
FN:83,(anonymous_4)
FN:91,(anonymous_5)
FN:105,(anonymous_6)
FNF:7
FNH:7
FNDA:4,(anonymous_0)
FNDA:5,(anonymous_1)
FNDA:2,(anonymous_2)
FNDA:3,(anonymous_3)
FNDA:5,(anonymous_4)
FNDA:1,(anonymous_5)
FNDA:3,(anonymous_6)
DA:5,4
DA:7,4
DA:8,4
DA:9,4
DA:10,4
DA:11,4
DA:12,4
DA:13,4
DA:15,4
DA:30,4
DA:31,4
DA:36,4
DA:37,5
DA:38,2
DA:41,2
DA:42,2
DA:43,2
DA:54,4
DA:55,2
DA:56,1
DA:67,4
DA:68,3
DA:69,2
DA:83,4
DA:85,5
DA:90,5
DA:91,1
DA:92,1
DA:95,4
DA:96,3
DA:105,4
DA:106,3
DA:107,2
DA:111,4
LF:34
LH:34
BRDA:36,0,0,2
BRDA:36,0,1,2
BRDA:90,1,0,1
BRDA:90,1,1,4
BRF:4
BRH:4
end_of_record
