TN:
SF:_testCommon.js
FN:6,commonBeforeAll
FN:43,commonBeforeEach
FN:47,commonAfterEach
FN:51,commonAfterAll
FNF:4
FNH:4
FNDA:3,commonBeforeAll
FNDA:40,commonBeforeEach
FNDA:40,commonAfterEach
FNDA:3,commonAfterAll
DA:1,3
DA:3,3
DA:4,3
DA:8,3
DA:10,3
DA:12,3
DA:14,3
DA:16,3
DA:22,3
DA:36,3
DA:44,40
DA:48,40
DA:52,3
DA:56,3
LF:14
LH:14
BRF:0
BRH:0
end_of_record
TN:
SF:company.js
FN:19,(anonymous_0)
FN:57,(anonymous_1)
FN:75,(anonymous_2)
FN:100,(anonymous_3)
FN:137,(anonymous_4)
FN:167,(anonymous_5)
FN:194,(anonymous_6)
FNF:7
FNH:7
FNDA:13,(anonymous_0)
FNDA:3,(anonymous_1)
FNDA:5,(anonymous_2)
FNDA:6,(anonymous_3)
FNDA:5,(anonymous_4)
FNDA:6,(anonymous_5)
FNDA:4,(anonymous_6)
DA:3,5
DA:4,5
DA:5,5
DA:20,13
DA:26,13
DA:27,1
DA:29,12
DA:47,12
DA:49,12
DA:58,3
DA:66,2
DA:77,5
DA:79,4
DA:89,4
DA:102,6
DA:103,6
DA:105,6
DA:106,1
DA:109,5
DA:110,3
DA:111,3
DA:113,5
DA:114,4
DA:115,4
DA:118,5
DA:119,2
DA:120,2
DA:123,5
DA:125,5
DA:138,5
DA:148,5
DA:150,5
DA:152,3
DA:168,6
DA:174,5
DA:176,5
DA:181,5
DA:182,5
DA:184,5
DA:186,3
DA:195,4
DA:201,4
DA:203,4
DA:208,5
LF:44
LH:44
BRDA:26,0,0,1
BRDA:26,0,1,12
BRDA:105,1,0,1
BRDA:105,1,1,5
BRDA:109,2,0,3
BRDA:109,2,1,2
BRDA:113,3,0,4
BRDA:113,3,1,1
BRDA:118,4,0,2
BRDA:118,4,1,3
BRDA:150,5,0,2
BRDA:150,5,1,3
BRDA:184,6,0,2
BRDA:184,6,1,3
BRDA:203,7,0,2
BRDA:203,7,1,2
BRF:16
BRH:16
end_of_record
TN:
SF:job.js
FN:18,(anonymous_0)
FN:46,(anonymous_1)
FN:65,(anonymous_2)
FN:94,(anonymous_3)
FN:120,(anonymous_4)
FNF:5
FNH:5
FNDA:1,(anonymous_0)
FNDA:1,(anonymous_1)
FNDA:2,(anonymous_2)
FNDA:4,(anonymous_3)
FNDA:2,(anonymous_4)
DA:3,1
DA:4,1
DA:5,1
DA:20,1
DA:36,1
DA:38,1
DA:47,1
DA:55,1
DA:66,2
DA:76,2
DA:77,2
DA:79,1
DA:95,4
DA:100,3
DA:102,3
DA:107,3
DA:108,3
DA:110,3
DA:112,2
DA:121,2
DA:127,2
DA:129,2
DA:134,1
LF:23
LH:23
BRDA:77,0,0,1
BRDA:77,0,1,1
BRDA:110,1,0,1
BRDA:110,1,1,2
BRDA:129,2,0,1
BRDA:129,2,1,1
BRF:6
BRH:6
end_of_record
TN:
SF:user.js
FN:24,(anonymous_0)
FN:59,(anonymous_1)
FN:104,(anonymous_2)
FN:126,(anonymous_3)
FN:162,(anonymous_4)
FN:196,(anonymous_5)
FNF:6
FNH:6
FNDA:7,(anonymous_0)
FNDA:19,(anonymous_1)
FNDA:3,(anonymous_2)
FNDA:5,(anonymous_3)
FNDA:8,(anonymous_4)
FNDA:5,(anonymous_5)
DA:3,5
DA:4,5
DA:5,5
DA:10,5
DA:12,5
DA:26,7
DA:38,7
DA:40,7
DA:42,4
DA:43,4
DA:44,3
DA:45,3
DA:49,4
DA:61,19
DA:68,19
DA:69,1
DA:72,18
DA:74,18
DA:94,18
DA:96,18
DA:105,3
DA:115,2
DA:127,5
DA:138,5
DA:140,5
DA:142,3
DA:163,8
DA:164,2
DA:167,8
DA:174,7
DA:175,7
DA:177,7
DA:185,7
DA:186,7
DA:188,7
DA:190,5
DA:191,5
DA:197,5
DA:204,5
DA:206,5
DA:211,5
LF:41
LH:41
BRDA:40,0,0,4
BRDA:40,0,1,3
BRDA:43,1,0,3
BRDA:43,1,1,1
BRDA:68,2,0,1
BRDA:68,2,1,18
BRDA:90,3,0,18
BRDA:90,3,1,13
BRDA:140,4,0,2
BRDA:140,4,1,3
BRDA:163,5,0,2
BRDA:163,5,1,6
BRDA:188,6,0,2
BRDA:188,6,1,5
BRDA:206,7,0,2
BRDA:206,7,1,3
BRF:16
BRH:16
end_of_record
